[0.038s] Invoking command in '/home/ngvedu/test1_ws/build/sense_origin_build': CMAKE_PREFIX_PATH=${CMAKE_PREFIX_PATH}:/opt/ros/foxy /usr/bin/cmake --build /home/ngvedu/test1_ws/build/sense_origin_build -- -j2 -l2
[0.155s] [35m[1mScanning dependencies of target Sense[0m
[0.186s] [ 33%] [32mBuilding C object CMakeFiles/Sense.dir/src/Sense.c.o[0m
[0.207s] [ 66%] [32mBuilding CXX object CMakeFiles/Sense.dir/src/ert_main.cpp.o[0m
[2.142s] [01m[K/home/ngvedu/test1_ws/src/sense_origin_build/src/ert_main.cpp:42:19:[m[K [01;31m[Kerror: [m[KISO C++ forbids declaration of â€˜[01m[KSense_step[m[Kâ€™ with no type [[01;31m[K-fpermissive[m[K]
[2.142s]    42 | extern Sense_step([01;31m[K)[m[K;
[2.142s]       |                   [01;31m[K^[m[K
[2.142s] [01m[K/home/ngvedu/test1_ws/src/sense_origin_build/src/ert_main.cpp:42:8:[m[K [01;31m[Kerror: [m[Kambiguating new declaration of â€˜[01m[Kint Sense_step()[m[Kâ€™
[2.142s]    42 | extern [01;31m[KSense_step[m[K();
[2.142s]       |        [01;31m[K^~~~~~~~~~[m[K
[2.143s] In file included from [01m[K/home/ngvedu/test1_ws/src/sense_origin_build/src/ert_main.cpp:22[m[K:
[2.143s] [01m[K/home/ngvedu/test1_ws/src/sense_origin_build/include/sense_origin_build/Sense.h:77:13:[m[K [01;36m[Knote: [m[Kold declaration â€˜[01m[Kvoid Sense_step()[m[Kâ€™
[2.143s]    77 | extern void [01;36m[KSense_step[m[K(void);
[2.143s]       |             [01;36m[K^~~~~~~~~~[m[K
[2.143s] [01m[K/home/ngvedu/test1_ws/src/sense_origin_build/src/ert_main.cpp:43:25:[m[K [01;31m[Kerror: [m[KISO C++ forbids declaration of â€˜[01m[KSense_initialize[m[Kâ€™ with no type [[01;31m[K-fpermissive[m[K]
[2.143s]    43 | extern Sense_initialize([01;31m[K)[m[K;
[2.143s]       |                         [01;31m[K^[m[K
[2.143s] [01m[K/home/ngvedu/test1_ws/src/sense_origin_build/src/ert_main.cpp:43:8:[m[K [01;31m[Kerror: [m[Kambiguating new declaration of â€˜[01m[Kint Sense_initialize()[m[Kâ€™
[2.144s]    43 | extern [01;31m[KSense_initialize[m[K();
[2.144s]       |        [01;31m[K^~~~~~~~~~~~~~~~[m[K
[2.144s] In file included from [01m[K/home/ngvedu/test1_ws/src/sense_origin_build/src/ert_main.cpp:22[m[K:
[2.144s] [01m[K/home/ngvedu/test1_ws/src/sense_origin_build/include/sense_origin_build/Sense.h:76:13:[m[K [01;36m[Knote: [m[Kold declaration â€˜[01m[Kvoid Sense_initialize()[m[Kâ€™
[2.144s]    76 | extern void [01;36m[KSense_initialize[m[K(void);
[2.144s]       |             [01;36m[K^~~~~~~~~~~~~~~~[m[K
[2.144s] [01m[K/home/ngvedu/test1_ws/src/sense_origin_build/src/ert_main.cpp:44:24:[m[K [01;31m[Kerror: [m[KISO C++ forbids declaration of â€˜[01m[KSense_terminate[m[Kâ€™ with no type [[01;31m[K-fpermissive[m[K]
[2.144s]    44 | extern Sense_terminate([01;31m[K)[m[K;
[2.145s]       |                        [01;31m[K^[m[K
[2.145s] [01m[K/home/ngvedu/test1_ws/src/sense_origin_build/src/ert_main.cpp:44:8:[m[K [01;31m[Kerror: [m[Kambiguating new declaration of â€˜[01m[Kint Sense_terminate()[m[Kâ€™
[2.145s]    44 | extern [01;31m[KSense_terminate[m[K();
[2.145s]       |        [01;31m[K^~~~~~~~~~~~~~~[m[K
[2.145s] In file included from [01m[K/home/ngvedu/test1_ws/src/sense_origin_build/src/ert_main.cpp:22[m[K:
[2.145s] [01m[K/home/ngvedu/test1_ws/src/sense_origin_build/include/sense_origin_build/Sense.h:78:13:[m[K [01;36m[Knote: [m[Kold declaration â€˜[01m[Kvoid Sense_terminate()[m[Kâ€™
[2.145s]    78 | extern void [01;36m[KSense_terminate[m[K(void);
[2.146s]       |             [01;36m[K^~~~~~~~~~~~~~~[m[K
[2.650s] make[2]: *** [CMakeFiles/Sense.dir/build.make:76: CMakeFiles/Sense.dir/src/ert_main.cpp.o] Error 1
[2.650s] make[1]: *** [CMakeFiles/Makefile2:78: CMakeFiles/Sense.dir/all] Error 2
[2.650s] make: *** [Makefile:141: all] Error 2
[2.658s] Invoked command in '/home/ngvedu/test1_ws/build/sense_origin_build' returned '2': CMAKE_PREFIX_PATH=${CMAKE_PREFIX_PATH}:/opt/ros/foxy /usr/bin/cmake --build /home/ngvedu/test1_ws/build/sense_origin_build -- -j2 -l2
