[0.038s] Invoking command in '/home/ngvedu/test1_ws/build/sense_origin_build': CMAKE_PREFIX_PATH=${CMAKE_PREFIX_PATH}:/opt/ros/foxy /usr/bin/cmake --build /home/ngvedu/test1_ws/build/sense_origin_build -- -j2 -l2
[0.123s] [35m[1mScanning dependencies of target Sense[0m
[0.173s] [ 33%] [32mBuilding CXX object CMakeFiles/Sense.dir/src/ert_main.cpp.o[0m
[2.011s] [01m[K/home/ngvedu/test1_ws/src/sense_origin_build/src/ert_main.cpp:[m[K In member function â€˜[01m[Kvoid SinPub::timer_callback()[m[Kâ€™:
[2.011s] [01m[K/home/ngvedu/test1_ws/src/sense_origin_build/src/ert_main.cpp:101:34:[m[K [01;31m[Kerror: [m[Kexpression cannot be used as a function
[2.012s]   101 |       message.data = Sense_Y.out([01;31m[K)[m[K;
[2.012s]       |                                  [01;31m[K^[m[K
[2.012s] [01m[K/home/ngvedu/test1_ws/src/sense_origin_build/src/ert_main.cpp:102:22:[m[K [01;31m[Kerror: [m[Kexpected primary-expression before â€˜[01m[Ktypeof[m[Kâ€™
[2.012s]   102 |       printf("%s\n", [01;31m[Ktypeof[m[K(Sense_Y.out));
[2.012s]       |                      [01;31m[K^~~~~~[m[K
[3.343s] make[2]: *** [CMakeFiles/Sense.dir/build.make:76: CMakeFiles/Sense.dir/src/ert_main.cpp.o] Error 1
[3.344s] make[1]: *** [CMakeFiles/Makefile2:78: CMakeFiles/Sense.dir/all] Error 2
[3.344s] make: *** [Makefile:141: all] Error 2
[3.348s] Invoked command in '/home/ngvedu/test1_ws/build/sense_origin_build' returned '2': CMAKE_PREFIX_PATH=${CMAKE_PREFIX_PATH}:/opt/ros/foxy /usr/bin/cmake --build /home/ngvedu/test1_ws/build/sense_origin_build -- -j2 -l2
