[0.037s] Invoking command in '/home/ngvedu/test1_ws/build/sense_origin_build': CMAKE_PREFIX_PATH=${CMAKE_PREFIX_PATH}:/opt/ros/foxy /usr/bin/cmake --build /home/ngvedu/test1_ws/build/sense_origin_build -- -j2 -l2
[0.161s] [35m[1mScanning dependencies of target Sense[0m
[0.258s] [ 33%] [32mBuilding C object CMakeFiles/Sense.dir/src/Sense.c.o[0m
[0.309s] [ 66%] [32mBuilding CXX object CMakeFiles/Sense.dir/src/ert_main.cpp.o[0m
[2.397s] [01m[K/home/ngvedu/test1_ws/src/sense_origin_build/src/ert_main.cpp:42:19:[m[K [01;31m[Kerror: [m[KISO C++ forbids declaration of â€˜[01m[KSense_step[m[Kâ€™ with no type [[01;31m[K-fpermissive[m[K]
[2.397s]    42 | extern Sense_step([01;31m[K)[m[K;
[2.397s]       |                   [01;31m[K^[m[K
[2.397s] [01m[K/home/ngvedu/test1_ws/src/sense_origin_build/src/ert_main.cpp:42:8:[m[K [01;31m[Kerror: [m[Kambiguating new declaration of â€˜[01m[Kint Sense_step()[m[Kâ€™
[2.398s]    42 | extern [01;31m[KSense_step[m[K();
[2.398s]       |        [01;31m[K^~~~~~~~~~[m[K
[2.398s] In file included from [01m[K/home/ngvedu/test1_ws/src/sense_origin_build/src/ert_main.cpp:22[m[K:
[2.398s] [01m[K/home/ngvedu/test1_ws/src/sense_origin_build/include/sense_origin_build/Sense.h:80:6:[m[K [01;36m[Knote: [m[Kold declaration â€˜[01m[Kvoid Sense_step()[m[Kâ€™
[2.398s]    80 | void [01;36m[KSense_step[m[K(void);
[2.398s]       |      [01;36m[K^~~~~~~~~~[m[K
[2.398s] [01m[K/home/ngvedu/test1_ws/src/sense_origin_build/src/ert_main.cpp:43:25:[m[K [01;31m[Kerror: [m[KISO C++ forbids declaration of â€˜[01m[KSense_initialize[m[Kâ€™ with no type [[01;31m[K-fpermissive[m[K]
[2.398s]    43 | extern Sense_initialize([01;31m[K)[m[K;
[2.399s]       |                         [01;31m[K^[m[K
[2.399s] [01m[K/home/ngvedu/test1_ws/src/sense_origin_build/src/ert_main.cpp:43:8:[m[K [01;31m[Kerror: [m[Kambiguating new declaration of â€˜[01m[Kint Sense_initialize()[m[Kâ€™
[2.399s]    43 | extern [01;31m[KSense_initialize[m[K();
[2.399s]       |        [01;31m[K^~~~~~~~~~~~~~~~[m[K
[2.399s] In file included from [01m[K/home/ngvedu/test1_ws/src/sense_origin_build/src/ert_main.cpp:22[m[K:
[2.399s] [01m[K/home/ngvedu/test1_ws/src/sense_origin_build/include/sense_origin_build/Sense.h:79:6:[m[K [01;36m[Knote: [m[Kold declaration â€˜[01m[Kvoid Sense_initialize()[m[Kâ€™
[2.399s]    79 | void [01;36m[KSense_initialize[m[K(void);
[2.400s]       |      [01;36m[K^~~~~~~~~~~~~~~~[m[K
[2.400s] [01m[K/home/ngvedu/test1_ws/src/sense_origin_build/src/ert_main.cpp:44:24:[m[K [01;31m[Kerror: [m[KISO C++ forbids declaration of â€˜[01m[KSense_terminate[m[Kâ€™ with no type [[01;31m[K-fpermissive[m[K]
[2.400s]    44 | extern Sense_terminate([01;31m[K)[m[K;
[2.400s]       |                        [01;31m[K^[m[K
[2.400s] [01m[K/home/ngvedu/test1_ws/src/sense_origin_build/src/ert_main.cpp:44:8:[m[K [01;31m[Kerror: [m[Kambiguating new declaration of â€˜[01m[Kint Sense_terminate()[m[Kâ€™
[2.400s]    44 | extern [01;31m[KSense_terminate[m[K();
[2.401s]       |        [01;31m[K^~~~~~~~~~~~~~~[m[K
[2.403s] In file included from [01m[K/home/ngvedu/test1_ws/src/sense_origin_build/src/ert_main.cpp:22[m[K:
[2.403s] [01m[K/home/ngvedu/test1_ws/src/sense_origin_build/include/sense_origin_build/Sense.h:81:6:[m[K [01;36m[Knote: [m[Kold declaration â€˜[01m[Kvoid Sense_terminate()[m[Kâ€™
[2.404s]    81 | void [01;36m[KSense_terminate[m[K(void);
[2.404s]       |      [01;36m[K^~~~~~~~~~~~~~~[m[K
[2.898s] make[2]: *** [CMakeFiles/Sense.dir/build.make:76: CMakeFiles/Sense.dir/src/ert_main.cpp.o] Error 1
[2.898s] make[1]: *** [CMakeFiles/Makefile2:78: CMakeFiles/Sense.dir/all] Error 2
[2.899s] make: *** [Makefile:141: all] Error 2
[2.902s] Invoked command in '/home/ngvedu/test1_ws/build/sense_origin_build' returned '2': CMAKE_PREFIX_PATH=${CMAKE_PREFIX_PATH}:/opt/ros/foxy /usr/bin/cmake --build /home/ngvedu/test1_ws/build/sense_origin_build -- -j2 -l2
