[0.000000] (-) TimerEvent: {}
[0.000431] (sense_origin_build) JobQueued: {'identifier': 'sense_origin_build', 'dependencies': OrderedDict()}
[0.009091] (sense_origin_build) JobStarted: {'identifier': 'sense_origin_build'}
[0.025940] (sense_origin_build) JobProgress: {'identifier': 'sense_origin_build', 'progress': 'cmake'}
[0.027338] (sense_origin_build) JobProgress: {'identifier': 'sense_origin_build', 'progress': 'build'}
[0.028607] (sense_origin_build) Command: {'cmd': ['/usr/bin/cmake', '--build', '/home/ngvedu/test1_ws/build/sense_origin_build', '--', '-j2', '-l2'], 'cwd': '/home/ngvedu/test1_ws/build/sense_origin_build', 'env': OrderedDict([('LESSOPEN', '| /usr/bin/lesspipe %s'), ('USER', 'ngvedu'), ('SHLVL', '1'), ('LD_LIBRARY_PATH', '/usr/lib/x86_64-linux-gnu/gazebo-11/plugins:/opt/ros/foxy/opt/yaml_cpp_vendor/lib:/opt/ros/foxy/opt/rviz_ogre_vendor/lib:/opt/ros/foxy/lib/x86_64-linux-gnu:/opt/ros/foxy/lib'), ('WT_PROFILE_ID', '{2c4de342-38b7-51cf-b940-2309a097f518}'), ('HOME', '/home/ngvedu'), ('OLDPWD', '/home/ngvedu/test1_ws/src/sense_origin_build/src'), ('ROS_PYTHON_VERSION', '3'), ('LIBGL_ALWAYS_INDEIRECT', '1'), ('WSL_DISTRO_NAME', 'Ubuntu'), ('COLCON_PREFIX_PATH', '/home/ngvedu/test1_ws/install'), ('ROS_DISTRO', 'foxy'), ('LOGNAME', 'ngvedu'), ('NAME', 'ngvVM'), ('WSL_INTEROP', '/run/WSL/20955_interop'), ('_', '/usr/bin/colcon'), ('ROS_VERSION', '2'), ('TERM', 'xterm-256color'), ('ROS_LOCALHOST_ONLY', '0'), ('PATH', '/home/ngvedu/.local/bin:/opt/ros/foxy/bin:/usr/local/sbin:/usr/local/bin:/usr/sbin:/usr/bin:/sbin:/bin:/usr/games:/usr/local/games:/usr/lib/wsl/lib:/mnt/c/Program Files (x86)/Common Files/Oracle/Java/javapath:/mnt/c/Windows/system32:/mnt/c/Windows:/mnt/c/Windows/System32/Wbem:/mnt/c/Windows/System32/WindowsPowerShell/v1.0/:/mnt/c/Windows/System32/OpenSSH/:/mnt/c/Program Files/Java/jre1.8.0_311/bin:/mnt/c/Program Files/CMake/bin:/mnt/c/Program Files/Git/cmd:/mnt/c/Users/Choiin/AppData/Local/Programs/Python/Python37/Scripts/:/mnt/c/Users/Choiin/AppData/Local/Programs/Python/Python37/:/mnt/c/Users/Choiin/AppData/Local/Microsoft/WindowsApps:/mnt/c/Users/Choiin/AppData/Local/Programs/Microsoft VS Code/bin:/snap/bin'), ('WT_SESSION', '67065138-3b20-406d-83f2-097e13d741a0'), ('DISPLAY', '172.17.112.1:0'), ('LANG', 'en_US.UTF-8'), ('LS_COLORS', 'rs=0:di=01;34:ln=01;36:mh=00:pi=40;33:so=01;35:do=01;35:bd=40;33;01:cd=40;33;01:or=40;31;01:mi=00:su=37;41:sg=30;43:ca=30;41:tw=30;42:ow=34;42:st=37;44:ex=01;32:*.tar=01;31:*.tgz=01;31:*.arc=01;31:*.arj=01;31:*.taz=01;31:*.lha=01;31:*.lz4=01;31:*.lzh=01;31:*.lzma=01;31:*.tlz=01;31:*.txz=01;31:*.tzo=01;31:*.t7z=01;31:*.zip=01;31:*.z=01;31:*.dz=01;31:*.gz=01;31:*.lrz=01;31:*.lz=01;31:*.lzo=01;31:*.xz=01;31:*.zst=01;31:*.tzst=01;31:*.bz2=01;31:*.bz=01;31:*.tbz=01;31:*.tbz2=01;31:*.tz=01;31:*.deb=01;31:*.rpm=01;31:*.jar=01;31:*.war=01;31:*.ear=01;31:*.sar=01;31:*.rar=01;31:*.alz=01;31:*.ace=01;31:*.zoo=01;31:*.cpio=01;31:*.7z=01;31:*.rz=01;31:*.cab=01;31:*.wim=01;31:*.swm=01;31:*.dwm=01;31:*.esd=01;31:*.jpg=01;35:*.jpeg=01;35:*.mjpg=01;35:*.mjpeg=01;35:*.gif=01;35:*.bmp=01;35:*.pbm=01;35:*.pgm=01;35:*.ppm=01;35:*.tga=01;35:*.xbm=01;35:*.xpm=01;35:*.tif=01;35:*.tiff=01;35:*.png=01;35:*.svg=01;35:*.svgz=01;35:*.mng=01;35:*.pcx=01;35:*.mov=01;35:*.mpg=01;35:*.mpeg=01;35:*.m2v=01;35:*.mkv=01;35:*.webm=01;35:*.ogm=01;35:*.mp4=01;35:*.m4v=01;35:*.mp4v=01;35:*.vob=01;35:*.qt=01;35:*.nuv=01;35:*.wmv=01;35:*.asf=01;35:*.rm=01;35:*.rmvb=01;35:*.flc=01;35:*.avi=01;35:*.fli=01;35:*.flv=01;35:*.gl=01;35:*.dl=01;35:*.xcf=01;35:*.xwd=01;35:*.yuv=01;35:*.cgm=01;35:*.emf=01;35:*.ogv=01;35:*.ogx=01;35:*.aac=00;36:*.au=00;36:*.flac=00;36:*.m4a=00;36:*.mid=00;36:*.midi=00;36:*.mka=00;36:*.mp3=00;36:*.mpc=00;36:*.ogg=00;36:*.ra=00;36:*.wav=00;36:*.oga=00;36:*.opus=00;36:*.spx=00;36:*.xspf=00;36:'), ('AMENT_PREFIX_PATH', '/home/ngvedu/test1_ws/install/sense_origin_build:/opt/ros/foxy'), ('SHELL', '/bin/bash'), ('LESSCLOSE', '/usr/bin/lesspipe %s %s'), ('PWD', '/home/ngvedu/test1_ws/build/sense_origin_build'), ('XDG_DATA_DIRS', '/usr/local/share:/usr/share:/var/lib/snapd/desktop'), ('PYTHONPATH', '/opt/ros/foxy/lib/python3.8/site-packages'), ('COLCON', '1'), ('HOSTTYPE', 'x86_64'), ('CMAKE_PREFIX_PATH', '/home/ngvedu/test1_ws/install/sense_origin_build:/opt/ros/foxy'), ('WSLENV', 'WT_SESSION::WT_PROFILE_ID')]), 'shell': False}
[0.099432] (-) TimerEvent: {}
[0.127281] (sense_origin_build) StdoutLine: {'line': b'\x1b[35m\x1b[1mScanning dependencies of target Sense\x1b[0m\n'}
[0.178098] (sense_origin_build) StdoutLine: {'line': b'[ 33%] \x1b[32mBuilding CXX object CMakeFiles/Sense.dir/src/ert_main.cpp.o\x1b[0m\n'}
[0.199647] (-) TimerEvent: {}
[0.300244] (-) TimerEvent: {}
[0.400827] (-) TimerEvent: {}
[0.501458] (-) TimerEvent: {}
[0.602079] (-) TimerEvent: {}
[0.702710] (-) TimerEvent: {}
[0.803322] (-) TimerEvent: {}
[0.903960] (-) TimerEvent: {}
[1.004796] (-) TimerEvent: {}
[1.105379] (-) TimerEvent: {}
[1.206147] (-) TimerEvent: {}
[1.306982] (-) TimerEvent: {}
[1.407760] (-) TimerEvent: {}
[1.508535] (-) TimerEvent: {}
[1.609485] (-) TimerEvent: {}
[1.710310] (-) TimerEvent: {}
[1.811178] (-) TimerEvent: {}
[1.912052] (-) TimerEvent: {}
[1.994548] (sense_origin_build) StderrLine: {'line': b'\x1b[01m\x1b[K/home/ngvedu/test1_ws/src/sense_origin_build/src/ert_main.cpp:106:38:\x1b[m\x1b[K \x1b[01;31m\x1b[Kerror: \x1b[m\x1b[K\xe2\x80\x98\x1b[01m\x1b[Kfloat64\x1b[m\x1b[K\xe2\x80\x99 is not a member of \xe2\x80\x98\x1b[01m\x1b[Kstd_msgs::msg\x1b[m\x1b[K\xe2\x80\x99; did you mean \xe2\x80\x98\x1b[01m\x1b[KFloat64\x1b[m\x1b[K\xe2\x80\x99?\n'}
[1.995083] (sense_origin_build) StderrLine: {'line': b'  106 |     rclcpp::Publisher<std_msgs::msg::\x1b[01;31m\x1b[Kfloat64\x1b[m\x1b[K>::SharedPtr publisher_;\n'}
[1.995365] (sense_origin_build) StderrLine: {'line': b'      |                                      \x1b[01;31m\x1b[K^~~~~~~\x1b[m\x1b[K\n'}
[1.995563] (sense_origin_build) StderrLine: {'line': b'      |                                      \x1b[32m\x1b[KFloat64\x1b[m\x1b[K\n'}
[1.995715] (sense_origin_build) StderrLine: {'line': b'\x1b[01m\x1b[K/home/ngvedu/test1_ws/src/sense_origin_build/src/ert_main.cpp:106:38:\x1b[m\x1b[K \x1b[01;31m\x1b[Kerror: \x1b[m\x1b[K\xe2\x80\x98\x1b[01m\x1b[Kfloat64\x1b[m\x1b[K\xe2\x80\x99 is not a member of \xe2\x80\x98\x1b[01m\x1b[Kstd_msgs::msg\x1b[m\x1b[K\xe2\x80\x99; did you mean \xe2\x80\x98\x1b[01m\x1b[KFloat64\x1b[m\x1b[K\xe2\x80\x99?\n'}
[1.995823] (sense_origin_build) StderrLine: {'line': b'  106 |     rclcpp::Publisher<std_msgs::msg::\x1b[01;31m\x1b[Kfloat64\x1b[m\x1b[K>::SharedPtr publisher_;\n'}
[1.995914] (sense_origin_build) StderrLine: {'line': b'      |                                      \x1b[01;31m\x1b[K^~~~~~~\x1b[m\x1b[K\n'}
[1.995997] (sense_origin_build) StderrLine: {'line': b'      |                                      \x1b[32m\x1b[KFloat64\x1b[m\x1b[K\n'}
[1.996081] (sense_origin_build) StderrLine: {'line': b'\x1b[01m\x1b[K/home/ngvedu/test1_ws/src/sense_origin_build/src/ert_main.cpp:106:45:\x1b[m\x1b[K \x1b[01;31m\x1b[Kerror: \x1b[m\x1b[Ktemplate argument 1 is invalid\n'}
[1.996172] (sense_origin_build) StderrLine: {'line': b'  106 |     rclcpp::Publisher<std_msgs::msg::float64\x1b[01;31m\x1b[K>\x1b[m\x1b[K::SharedPtr publisher_;\n'}
[1.996257] (sense_origin_build) StderrLine: {'line': b'      |                                             \x1b[01;31m\x1b[K^\x1b[m\x1b[K\n'}
[1.996340] (sense_origin_build) StderrLine: {'line': b'\x1b[01m\x1b[K/home/ngvedu/test1_ws/src/sense_origin_build/src/ert_main.cpp:106:48:\x1b[m\x1b[K \x1b[01;31m\x1b[Kerror: \x1b[m\x1b[Kexpected \xe2\x80\x98\x1b[01m\x1b[K;\x1b[m\x1b[K\xe2\x80\x99 at end of member declaration\n'}
[1.996428] (sense_origin_build) StderrLine: {'line': b'  106 |     rclcpp::Publisher<std_msgs::msg::float64>::\x1b[01;31m\x1b[KSharedPtr\x1b[m\x1b[K publisher_;\n'}
[1.996511] (sense_origin_build) StderrLine: {'line': b'      |                                                \x1b[01;31m\x1b[K^~~~~~~~~\x1b[m\x1b[K\n'}
[1.996594] (sense_origin_build) StderrLine: {'line': b'      |                                                         \x1b[32m\x1b[K;\x1b[m\x1b[K\n'}
[2.001676] (sense_origin_build) StderrLine: {'line': b'\x1b[01m\x1b[K/home/ngvedu/test1_ws/src/sense_origin_build/src/ert_main.cpp:106:58:\x1b[m\x1b[K \x1b[01;31m\x1b[Kerror: \x1b[m\x1b[K\xe2\x80\x98\x1b[01m\x1b[Kpublisher_\x1b[m\x1b[K\xe2\x80\x99 does not name a type; did you mean \xe2\x80\x98\x1b[01m\x1b[Krcl_publisher_t\x1b[m\x1b[K\xe2\x80\x99?\n'}
[2.001896] (sense_origin_build) StderrLine: {'line': b'  106 |     rclcpp::Publisher<std_msgs::msg::float64>::SharedPtr \x1b[01;31m\x1b[Kpublisher_\x1b[m\x1b[K;\n'}
[2.002029] (sense_origin_build) StderrLine: {'line': b'      |                                                          \x1b[01;31m\x1b[K^~~~~~~~~~\x1b[m\x1b[K\n'}
[2.002157] (sense_origin_build) StderrLine: {'line': b'      |                                                          \x1b[32m\x1b[Krcl_publisher_t\x1b[m\x1b[K\n'}
[2.007259] (sense_origin_build) StderrLine: {'line': b'\x1b[01m\x1b[K/home/ngvedu/test1_ws/src/sense_origin_build/src/ert_main.cpp:\x1b[m\x1b[K In constructor \xe2\x80\x98\x1b[01m\x1b[KSinPub::SinPub()\x1b[m\x1b[K\xe2\x80\x99:\n'}
[2.007677] (sense_origin_build) StderrLine: {'line': b'\x1b[01m\x1b[K/home/ngvedu/test1_ws/src/sense_origin_build/src/ert_main.cpp:91:7:\x1b[m\x1b[K \x1b[01;31m\x1b[Kerror: \x1b[m\x1b[K\xe2\x80\x98\x1b[01m\x1b[Kpublisher_\x1b[m\x1b[K\xe2\x80\x99 was not declared in this scope; did you mean \xe2\x80\x98\x1b[01m\x1b[Krcl_publisher_t\x1b[m\x1b[K\xe2\x80\x99?\n'}
[2.007924] (sense_origin_build) StderrLine: {'line': b'   91 |       \x1b[01;31m\x1b[Kpublisher_\x1b[m\x1b[K = this->create_publisher<std_msgs::msg::float64>("sense_value", 10);\n'}
[2.008052] (sense_origin_build) StderrLine: {'line': b'      |       \x1b[01;31m\x1b[K^~~~~~~~~~\x1b[m\x1b[K\n'}
[2.008165] (sense_origin_build) StderrLine: {'line': b'      |       \x1b[32m\x1b[Krcl_publisher_t\x1b[m\x1b[K\n'}
[2.008266] (sense_origin_build) StderrLine: {'line': b'\x1b[01m\x1b[K/home/ngvedu/test1_ws/src/sense_origin_build/src/ert_main.cpp:91:58:\x1b[m\x1b[K \x1b[01;31m\x1b[Kerror: \x1b[m\x1b[K\xe2\x80\x98\x1b[01m\x1b[Kfloat64\x1b[m\x1b[K\xe2\x80\x99 is not a member of \xe2\x80\x98\x1b[01m\x1b[Kstd_msgs::msg\x1b[m\x1b[K\xe2\x80\x99; did you mean \xe2\x80\x98\x1b[01m\x1b[KFloat64\x1b[m\x1b[K\xe2\x80\x99?\n'}
[2.008364] (sense_origin_build) StderrLine: {'line': b'   91 |       publisher_ = this->create_publisher<std_msgs::msg::\x1b[01;31m\x1b[Kfloat64\x1b[m\x1b[K>("sense_value", 10);\n'}
[2.008456] (sense_origin_build) StderrLine: {'line': b'      |                                                          \x1b[01;31m\x1b[K^~~~~~~\x1b[m\x1b[K\n'}
[2.008548] (sense_origin_build) StderrLine: {'line': b'      |                                                          \x1b[32m\x1b[KFloat64\x1b[m\x1b[K\n'}
[2.008643] (sense_origin_build) StderrLine: {'line': b'\x1b[01m\x1b[K/home/ngvedu/test1_ws/src/sense_origin_build/src/ert_main.cpp:91:58:\x1b[m\x1b[K \x1b[01;31m\x1b[Kerror: \x1b[m\x1b[K\xe2\x80\x98\x1b[01m\x1b[Kfloat64\x1b[m\x1b[K\xe2\x80\x99 is not a member of \xe2\x80\x98\x1b[01m\x1b[Kstd_msgs::msg\x1b[m\x1b[K\xe2\x80\x99; did you mean \xe2\x80\x98\x1b[01m\x1b[KFloat64\x1b[m\x1b[K\xe2\x80\x99?\n'}
[2.008865] (sense_origin_build) StderrLine: {'line': b'   91 |       publisher_ = this->create_publisher<std_msgs::msg::\x1b[01;31m\x1b[Kfloat64\x1b[m\x1b[K>("sense_value", 10);\n'}
[2.009007] (sense_origin_build) StderrLine: {'line': b'      |                                                          \x1b[01;31m\x1b[K^~~~~~~\x1b[m\x1b[K\n'}
[2.009129] (sense_origin_build) StderrLine: {'line': b'      |                                                          \x1b[32m\x1b[KFloat64\x1b[m\x1b[K\n'}
[2.009251] (sense_origin_build) StderrLine: {'line': b'\x1b[01m\x1b[K/home/ngvedu/test1_ws/src/sense_origin_build/src/ert_main.cpp:91:84:\x1b[m\x1b[K \x1b[01;31m\x1b[Kerror: \x1b[m\x1b[Kno matching function for call to \xe2\x80\x98\x1b[01m\x1b[KSinPub::create_publisher<<expression error> >(const char [12], int)\x1b[m\x1b[K\xe2\x80\x99\n'}
[2.009374] (sense_origin_build) StderrLine: {'line': b'   91 |       publisher_ = this->create_publisher<std_msgs::msg::float64>("sense_value", 10\x1b[01;31m\x1b[K)\x1b[m\x1b[K;\n'}
[2.009515] (sense_origin_build) StderrLine: {'line': b'      |                                                                                    \x1b[01;31m\x1b[K^\x1b[m\x1b[K\n'}
[2.009645] (sense_origin_build) StderrLine: {'line': b'In file included from \x1b[01m\x1b[K/opt/ros/foxy/include/rclcpp/executors/single_threaded_executor.hpp:28\x1b[m\x1b[K,\n'}
[2.009753] (sense_origin_build) StderrLine: {'line': b'                 from \x1b[01m\x1b[K/opt/ros/foxy/include/rclcpp/executors.hpp:22\x1b[m\x1b[K,\n'}
[2.009846] (sense_origin_build) StderrLine: {'line': b'                 from \x1b[01m\x1b[K/opt/ros/foxy/include/rclcpp/rclcpp.hpp:146\x1b[m\x1b[K,\n'}
[2.009936] (sense_origin_build) StderrLine: {'line': b'                 from \x1b[01m\x1b[K/home/ngvedu/test1_ws/src/sense_origin_build/src/ert_main.cpp:29\x1b[m\x1b[K:\n'}
[2.010028] (sense_origin_build) StderrLine: {'line': b'\x1b[01m\x1b[K/opt/ros/foxy/include/rclcpp/node.hpp:184:3:\x1b[m\x1b[K \x1b[01;36m\x1b[Knote: \x1b[m\x1b[Kcandidate: \xe2\x80\x98\x1b[01m\x1b[Ktemplate<class MessageT, class AllocatorT, class PublisherT> std::shared_ptr<PublisherT> rclcpp::Node::create_publisher(const string&, const rclcpp::QoS&, const rclcpp::PublisherOptionsWithAllocator<AllocatorT>&)\x1b[m\x1b[K\xe2\x80\x99\n'}
[2.010130] (sense_origin_build) StderrLine: {'line': b'  184 |   \x1b[01;36m\x1b[Kcreate_publisher\x1b[m\x1b[K(\n'}
[2.010225] (sense_origin_build) StderrLine: {'line': b'      |   \x1b[01;36m\x1b[K^~~~~~~~~~~~~~~~\x1b[m\x1b[K\n'}
[2.010318] (sense_origin_build) StderrLine: {'line': b'\x1b[01m\x1b[K/opt/ros/foxy/include/rclcpp/node.hpp:184:3:\x1b[m\x1b[K \x1b[01;36m\x1b[Knote: \x1b[m\x1b[K  template argument deduction/substitution failed:\n'}
[2.010413] (sense_origin_build) StderrLine: {'line': b'\x1b[01m\x1b[K/home/ngvedu/test1_ws/src/sense_origin_build/src/ert_main.cpp:91:84:\x1b[m\x1b[K \x1b[01;31m\x1b[Kerror: \x1b[m\x1b[Ktemplate argument 1 is invalid\n'}
[2.010506] (sense_origin_build) StderrLine: {'line': b'   91 |       publisher_ = this->create_publisher<std_msgs::msg::float64>("sense_value", 10\x1b[01;31m\x1b[K)\x1b[m\x1b[K;\n'}
[2.010599] (sense_origin_build) StderrLine: {'line': b'      |                                                                                    \x1b[01;31m\x1b[K^\x1b[m\x1b[K\n'}
[2.010794] (sense_origin_build) StderrLine: {'line': b'\x1b[01m\x1b[K/home/ngvedu/test1_ws/src/sense_origin_build/src/ert_main.cpp:93:25:\x1b[m\x1b[K \x1b[01;31m\x1b[Kerror: \x1b[m\x1b[K\xe2\x80\x98\x1b[01m\x1b[KMinimalPublisher\x1b[m\x1b[K\xe2\x80\x99 has not been declared\n'}
[2.010902] (sense_origin_build) StderrLine: {'line': b'   93 |       100ms, std::bind(&\x1b[01;31m\x1b[KMinimalPublisher\x1b[m\x1b[K::timer_callback, this));\n'}
[2.010997] (sense_origin_build) StderrLine: {'line': b'      |                         \x1b[01;31m\x1b[K^~~~~~~~~~~~~~~~\x1b[m\x1b[K\n'}
[2.011092] (sense_origin_build) StderrLine: {'line': b'\x1b[01m\x1b[K/home/ngvedu/test1_ws/src/sense_origin_build/src/ert_main.cpp:\x1b[m\x1b[K In member function \xe2\x80\x98\x1b[01m\x1b[Kvoid SinPub::timer_callback()\x1b[m\x1b[K\xe2\x80\x99:\n'}
[2.011188] (sense_origin_build) StderrLine: {'line': b'\x1b[01m\x1b[K/home/ngvedu/test1_ws/src/sense_origin_build/src/ert_main.cpp:100:37:\x1b[m\x1b[K \x1b[01;31m\x1b[Kerror: \x1b[m\x1b[K\xe2\x80\x98\x1b[01m\x1b[KString\x1b[m\x1b[K\xe2\x80\x99 is not a member of \xe2\x80\x98\x1b[01m\x1b[Kstd_msgs::msg\x1b[m\x1b[K\xe2\x80\x99\n'}
[2.011291] (sense_origin_build) StderrLine: {'line': b'  100 |       auto message = std_msgs::msg::\x1b[01;31m\x1b[KString\x1b[m\x1b[K();\n'}
[2.011392] (sense_origin_build) StderrLine: {'line': b'      |                                     \x1b[01;31m\x1b[K^~~~~~\x1b[m\x1b[K\n'}
[2.012206] (-) TimerEvent: {}
[2.014692] (sense_origin_build) StderrLine: {'line': b'\x1b[01m\x1b[K/home/ngvedu/test1_ws/src/sense_origin_build/src/ert_main.cpp:103:7:\x1b[m\x1b[K \x1b[01;31m\x1b[Kerror: \x1b[m\x1b[K\xe2\x80\x98\x1b[01m\x1b[Kpublisher_\x1b[m\x1b[K\xe2\x80\x99 was not declared in this scope; did you mean \xe2\x80\x98\x1b[01m\x1b[Krcl_publisher_t\x1b[m\x1b[K\xe2\x80\x99?\n'}
[2.014875] (sense_origin_build) StderrLine: {'line': b'  103 |       \x1b[01;31m\x1b[Kpublisher_\x1b[m\x1b[K->publish(message);\n'}
[2.015006] (sense_origin_build) StderrLine: {'line': b'      |       \x1b[01;31m\x1b[K^~~~~~~~~~\x1b[m\x1b[K\n'}
[2.015120] (sense_origin_build) StderrLine: {'line': b'      |       \x1b[32m\x1b[Krcl_publisher_t\x1b[m\x1b[K\n'}
[2.017360] (sense_origin_build) StderrLine: {'line': b'\x1b[01m\x1b[K/home/ngvedu/test1_ws/src/sense_origin_build/src/ert_main.cpp:\x1b[m\x1b[K In function \xe2\x80\x98\x1b[01m\x1b[Kint_T main(int_T, const char**)\x1b[m\x1b[K\xe2\x80\x99:\n'}
[2.017651] (sense_origin_build) StderrLine: {'line': b'\x1b[01m\x1b[K/home/ngvedu/test1_ws/src/sense_origin_build/src/ert_main.cpp:139:33:\x1b[m\x1b[K \x1b[01;31m\x1b[Kerror: \x1b[m\x1b[K\xe2\x80\x98\x1b[01m\x1b[KSinPublisher\x1b[m\x1b[K\xe2\x80\x99 was not declared in this scope\n'}
[2.018512] (sense_origin_build) StderrLine: {'line': b'  139 |   rclcpp::spin(std::make_shared<\x1b[01;31m\x1b[KSinPublisher\x1b[m\x1b[K>());\n'}
[2.018641] (sense_origin_build) StderrLine: {'line': b'      |                                 \x1b[01;31m\x1b[K^~~~~~~~~~~~\x1b[m\x1b[K\n'}
[2.018760] (sense_origin_build) StderrLine: {'line': b'\x1b[01m\x1b[K/home/ngvedu/test1_ws/src/sense_origin_build/src/ert_main.cpp:139:47:\x1b[m\x1b[K \x1b[01;31m\x1b[Kerror: \x1b[m\x1b[Kno matching function for call to \xe2\x80\x98\x1b[01m\x1b[Kmake_shared<<expression error> >()\x1b[m\x1b[K\xe2\x80\x99\n'}
[2.018890] (sense_origin_build) StderrLine: {'line': b'  139 |   rclcpp::spin(std::make_shared<SinPublisher>(\x1b[01;31m\x1b[K)\x1b[m\x1b[K);\n'}
[2.019007] (sense_origin_build) StderrLine: {'line': b'      |                                               \x1b[01;31m\x1b[K^\x1b[m\x1b[K\n'}
[2.019127] (sense_origin_build) StderrLine: {'line': b'In file included from \x1b[01m\x1b[K/usr/include/c++/9/memory:81\x1b[m\x1b[K,\n'}
[2.019247] (sense_origin_build) StderrLine: {'line': b'                 from \x1b[01m\x1b[K/home/ngvedu/test1_ws/src/sense_origin_build/src/ert_main.cpp:26\x1b[m\x1b[K:\n'}
[2.019365] (sense_origin_build) StderrLine: {'line': b'\x1b[01m\x1b[K/usr/include/c++/9/bits/shared_ptr.h:714:5:\x1b[m\x1b[K \x1b[01;36m\x1b[Knote: \x1b[m\x1b[Kcandidate: \xe2\x80\x98\x1b[01m\x1b[Ktemplate<class _Tp, class ... _Args> std::shared_ptr<_Tp> std::make_shared(_Args&& ...)\x1b[m\x1b[K\xe2\x80\x99\n'}
[2.019492] (sense_origin_build) StderrLine: {'line': b'  714 |     \x1b[01;36m\x1b[Kmake_shared\x1b[m\x1b[K(_Args&&... __args)\n'}
[2.019603] (sense_origin_build) StderrLine: {'line': b'      |     \x1b[01;36m\x1b[K^~~~~~~~~~~\x1b[m\x1b[K\n'}
[2.019713] (sense_origin_build) StderrLine: {'line': b'\x1b[01m\x1b[K/usr/include/c++/9/bits/shared_ptr.h:714:5:\x1b[m\x1b[K \x1b[01;36m\x1b[Knote: \x1b[m\x1b[K  template argument deduction/substitution failed:\n'}
[2.019825] (sense_origin_build) StderrLine: {'line': b'\x1b[01m\x1b[K/home/ngvedu/test1_ws/src/sense_origin_build/src/ert_main.cpp:139:47:\x1b[m\x1b[K \x1b[01;31m\x1b[Kerror: \x1b[m\x1b[Ktemplate argument 1 is invalid\n'}
[2.019948] (sense_origin_build) StderrLine: {'line': b'  139 |   rclcpp::spin(std::make_shared<SinPublisher>(\x1b[01;31m\x1b[K)\x1b[m\x1b[K);\n'}
[2.020075] (sense_origin_build) StderrLine: {'line': b'      |                                               \x1b[01;31m\x1b[K^\x1b[m\x1b[K\n'}
[2.112615] (-) TimerEvent: {}
[2.213440] (-) TimerEvent: {}
[2.314416] (-) TimerEvent: {}
[2.415493] (-) TimerEvent: {}
[2.516490] (-) TimerEvent: {}
[2.555439] (sense_origin_build) StderrLine: {'line': b'make[2]: *** [CMakeFiles/Sense.dir/build.make:76: CMakeFiles/Sense.dir/src/ert_main.cpp.o] Error 1\n'}
[2.555945] (sense_origin_build) StderrLine: {'line': b'make[1]: *** [CMakeFiles/Makefile2:78: CMakeFiles/Sense.dir/all] Error 2\n'}
[2.556246] (sense_origin_build) StderrLine: {'line': b'make: *** [Makefile:141: all] Error 2\n'}
[2.560171] (sense_origin_build) CommandEnded: {'returncode': 2}
[2.616854] (-) TimerEvent: {}
[2.628760] (sense_origin_build) JobEnded: {'identifier': 'sense_origin_build', 'rc': 2}
[2.640131] (-) EventReactorShutdown: {}
