-- Found ament_cmake: 0.9.9 (/opt/ros/foxy/share/ament_cmake/cmake)
-- Using PYTHON_EXECUTABLE: /usr/bin/python3
-- Found ament_cmake_ros: 0.9.2 (/opt/ros/foxy/share/ament_cmake_ros/cmake)
-- Found rclcpp: 2.4.0 (/opt/ros/foxy/share/rclcpp/cmake)
-- Using all available rosidl_typesupport_c: rosidl_typesupport_fastrtps_c;rosidl_typesupport_introspection_c
-- Found rosidl_adapter: 1.2.1 (/opt/ros/foxy/share/rosidl_adapter/cmake)
-- Using all available rosidl_typesupport_cpp: rosidl_typesupport_fastrtps_cpp;rosidl_typesupport_introspection_cpp
-- Found rmw_implementation_cmake: 1.0.3 (/opt/ros/foxy/share/rmw_implementation_cmake/cmake)
-- Using RMW implementation 'rmw_fastrtps_cpp' as default
-- Configuring done
-- Generating done
-- Build files have been written to: /home/ngvedu/test1_ws/build/sense_origin_build
[35m[1mScanning dependencies of target Sense[0m
[ 33%] [32mBuilding C object CMakeFiles/Sense.dir/src/Sense.c.o[0m
[ 66%] [32m[1mLinking C executable Sense[0m
/usr/bin/ld: CMakeFiles/Sense.dir/src/Sense.c.o: in function `Sense_step':
Sense.c:(.text+0x5e): undefined reference to `sin'
/usr/bin/ld: Sense.c:(.text+0x78): undefined reference to `cos'
collect2: error: ld returned 1 exit status
make[2]: *** [CMakeFiles/Sense.dir/build.make:146: Sense] Error 1
make[1]: *** [CMakeFiles/Makefile2:78: CMakeFiles/Sense.dir/all] Error 2
make: *** [Makefile:141: all] Error 2
