[0.030s] Invoking command in '/home/ngvedu/test1_ws/build/sense_origin_build': CMAKE_PREFIX_PATH=${CMAKE_PREFIX_PATH}:/opt/ros/foxy /usr/bin/cmake --build /home/ngvedu/test1_ws/build/sense_origin_build -- -j2 -l2
[0.118s] [35m[1mScanning dependencies of target Sense[0m
[0.169s] [ 33%] [32mBuilding CXX object CMakeFiles/Sense.dir/src/ert_main.cpp.o[0m
[1.986s] [01m[K/home/ngvedu/test1_ws/src/sense_origin_build/src/ert_main.cpp:106:38:[m[K [01;31m[Kerror: [m[Kâ€˜[01m[Kfloat64[m[Kâ€™ is not a member of â€˜[01m[Kstd_msgs::msg[m[Kâ€™; did you mean â€˜[01m[KFloat64[m[Kâ€™?
[1.986s]   106 |     rclcpp::Publisher<std_msgs::msg::[01;31m[Kfloat64[m[K>::SharedPtr publisher_;
[1.986s]       |                                      [01;31m[K^~~~~~~[m[K
[1.986s]       |                                      [32m[KFloat64[m[K
[1.987s] [01m[K/home/ngvedu/test1_ws/src/sense_origin_build/src/ert_main.cpp:106:38:[m[K [01;31m[Kerror: [m[Kâ€˜[01m[Kfloat64[m[Kâ€™ is not a member of â€˜[01m[Kstd_msgs::msg[m[Kâ€™; did you mean â€˜[01m[KFloat64[m[Kâ€™?
[1.987s]   106 |     rclcpp::Publisher<std_msgs::msg::[01;31m[Kfloat64[m[K>::SharedPtr publisher_;
[1.987s]       |                                      [01;31m[K^~~~~~~[m[K
[1.987s]       |                                      [32m[KFloat64[m[K
[1.987s] [01m[K/home/ngvedu/test1_ws/src/sense_origin_build/src/ert_main.cpp:106:45:[m[K [01;31m[Kerror: [m[Ktemplate argument 1 is invalid
[1.987s]   106 |     rclcpp::Publisher<std_msgs::msg::float64[01;31m[K>[m[K::SharedPtr publisher_;
[1.987s]       |                                             [01;31m[K^[m[K
[1.987s] [01m[K/home/ngvedu/test1_ws/src/sense_origin_build/src/ert_main.cpp:106:48:[m[K [01;31m[Kerror: [m[Kexpected â€˜[01m[K;[m[Kâ€™ at end of member declaration
[1.987s]   106 |     rclcpp::Publisher<std_msgs::msg::float64>::[01;31m[KSharedPtr[m[K publisher_;
[1.987s]       |                                                [01;31m[K^~~~~~~~~[m[K
[1.987s]       |                                                         [32m[K;[m[K
[1.993s] [01m[K/home/ngvedu/test1_ws/src/sense_origin_build/src/ert_main.cpp:106:58:[m[K [01;31m[Kerror: [m[Kâ€˜[01m[Kpublisher_[m[Kâ€™ does not name a type; did you mean â€˜[01m[Krcl_publisher_t[m[Kâ€™?
[1.993s]   106 |     rclcpp::Publisher<std_msgs::msg::float64>::SharedPtr [01;31m[Kpublisher_[m[K;
[1.993s]       |                                                          [01;31m[K^~~~~~~~~~[m[K
[1.993s]       |                                                          [32m[Krcl_publisher_t[m[K
[1.998s] [01m[K/home/ngvedu/test1_ws/src/sense_origin_build/src/ert_main.cpp:[m[K In constructor â€˜[01m[KSinPub::SinPub()[m[Kâ€™:
[1.999s] [01m[K/home/ngvedu/test1_ws/src/sense_origin_build/src/ert_main.cpp:91:7:[m[K [01;31m[Kerror: [m[Kâ€˜[01m[Kpublisher_[m[Kâ€™ was not declared in this scope; did you mean â€˜[01m[Krcl_publisher_t[m[Kâ€™?
[1.999s]    91 |       [01;31m[Kpublisher_[m[K = this->create_publisher<std_msgs::msg::float64>("sense_value", 10);
[1.999s]       |       [01;31m[K^~~~~~~~~~[m[K
[1.999s]       |       [32m[Krcl_publisher_t[m[K
[1.999s] [01m[K/home/ngvedu/test1_ws/src/sense_origin_build/src/ert_main.cpp:91:58:[m[K [01;31m[Kerror: [m[Kâ€˜[01m[Kfloat64[m[Kâ€™ is not a member of â€˜[01m[Kstd_msgs::msg[m[Kâ€™; did you mean â€˜[01m[KFloat64[m[Kâ€™?
[1.999s]    91 |       publisher_ = this->create_publisher<std_msgs::msg::[01;31m[Kfloat64[m[K>("sense_value", 10);
[1.999s]       |                                                          [01;31m[K^~~~~~~[m[K
[1.999s]       |                                                          [32m[KFloat64[m[K
[2.000s] [01m[K/home/ngvedu/test1_ws/src/sense_origin_build/src/ert_main.cpp:91:58:[m[K [01;31m[Kerror: [m[Kâ€˜[01m[Kfloat64[m[Kâ€™ is not a member of â€˜[01m[Kstd_msgs::msg[m[Kâ€™; did you mean â€˜[01m[KFloat64[m[Kâ€™?
[2.000s]    91 |       publisher_ = this->create_publisher<std_msgs::msg::[01;31m[Kfloat64[m[K>("sense_value", 10);
[2.000s]       |                                                          [01;31m[K^~~~~~~[m[K
[2.000s]       |                                                          [32m[KFloat64[m[K
[2.000s] [01m[K/home/ngvedu/test1_ws/src/sense_origin_build/src/ert_main.cpp:91:84:[m[K [01;31m[Kerror: [m[Kno matching function for call to â€˜[01m[KSinPub::create_publisher<<expression error> >(const char [12], int)[m[Kâ€™
[2.000s]    91 |       publisher_ = this->create_publisher<std_msgs::msg::float64>("sense_value", 10[01;31m[K)[m[K;
[2.000s]       |                                                                                    [01;31m[K^[m[K
[2.001s] In file included from [01m[K/opt/ros/foxy/include/rclcpp/executors/single_threaded_executor.hpp:28[m[K,
[2.001s]                  from [01m[K/opt/ros/foxy/include/rclcpp/executors.hpp:22[m[K,
[2.001s]                  from [01m[K/opt/ros/foxy/include/rclcpp/rclcpp.hpp:146[m[K,
[2.001s]                  from [01m[K/home/ngvedu/test1_ws/src/sense_origin_build/src/ert_main.cpp:29[m[K:
[2.001s] [01m[K/opt/ros/foxy/include/rclcpp/node.hpp:184:3:[m[K [01;36m[Knote: [m[Kcandidate: â€˜[01m[Ktemplate<class MessageT, class AllocatorT, class PublisherT> std::shared_ptr<PublisherT> rclcpp::Node::create_publisher(const string&, const rclcpp::QoS&, const rclcpp::PublisherOptionsWithAllocator<AllocatorT>&)[m[Kâ€™
[2.001s]   184 |   [01;36m[Kcreate_publisher[m[K(
[2.001s]       |   [01;36m[K^~~~~~~~~~~~~~~~[m[K
[2.001s] [01m[K/opt/ros/foxy/include/rclcpp/node.hpp:184:3:[m[K [01;36m[Knote: [m[K  template argument deduction/substitution failed:
[2.001s] [01m[K/home/ngvedu/test1_ws/src/sense_origin_build/src/ert_main.cpp:91:84:[m[K [01;31m[Kerror: [m[Ktemplate argument 1 is invalid
[2.001s]    91 |       publisher_ = this->create_publisher<std_msgs::msg::float64>("sense_value", 10[01;31m[K)[m[K;
[2.002s]       |                                                                                    [01;31m[K^[m[K
[2.002s] [01m[K/home/ngvedu/test1_ws/src/sense_origin_build/src/ert_main.cpp:93:25:[m[K [01;31m[Kerror: [m[Kâ€˜[01m[KMinimalPublisher[m[Kâ€™ has not been declared
[2.002s]    93 |       100ms, std::bind(&[01;31m[KMinimalPublisher[m[K::timer_callback, this));
[2.002s]       |                         [01;31m[K^~~~~~~~~~~~~~~~[m[K
[2.002s] [01m[K/home/ngvedu/test1_ws/src/sense_origin_build/src/ert_main.cpp:[m[K In member function â€˜[01m[Kvoid SinPub::timer_callback()[m[Kâ€™:
[2.002s] [01m[K/home/ngvedu/test1_ws/src/sense_origin_build/src/ert_main.cpp:100:37:[m[K [01;31m[Kerror: [m[Kâ€˜[01m[KString[m[Kâ€™ is not a member of â€˜[01m[Kstd_msgs::msg[m[Kâ€™
[2.002s]   100 |       auto message = std_msgs::msg::[01;31m[KString[m[K();
[2.002s]       |                                     [01;31m[K^~~~~~[m[K
[2.006s] [01m[K/home/ngvedu/test1_ws/src/sense_origin_build/src/ert_main.cpp:103:7:[m[K [01;31m[Kerror: [m[Kâ€˜[01m[Kpublisher_[m[Kâ€™ was not declared in this scope; did you mean â€˜[01m[Krcl_publisher_t[m[Kâ€™?
[2.006s]   103 |       [01;31m[Kpublisher_[m[K->publish(message);
[2.006s]       |       [01;31m[K^~~~~~~~~~[m[K
[2.006s]       |       [32m[Krcl_publisher_t[m[K
[2.008s] [01m[K/home/ngvedu/test1_ws/src/sense_origin_build/src/ert_main.cpp:[m[K In function â€˜[01m[Kint_T main(int_T, const char**)[m[Kâ€™:
[2.009s] [01m[K/home/ngvedu/test1_ws/src/sense_origin_build/src/ert_main.cpp:139:33:[m[K [01;31m[Kerror: [m[Kâ€˜[01m[KSinPublisher[m[Kâ€™ was not declared in this scope
[2.009s]   139 |   rclcpp::spin(std::make_shared<[01;31m[KSinPublisher[m[K>());
[2.010s]       |                                 [01;31m[K^~~~~~~~~~~~[m[K
[2.010s] [01m[K/home/ngvedu/test1_ws/src/sense_origin_build/src/ert_main.cpp:139:47:[m[K [01;31m[Kerror: [m[Kno matching function for call to â€˜[01m[Kmake_shared<<expression error> >()[m[Kâ€™
[2.010s]   139 |   rclcpp::spin(std::make_shared<SinPublisher>([01;31m[K)[m[K);
[2.010s]       |                                               [01;31m[K^[m[K
[2.010s] In file included from [01m[K/usr/include/c++/9/memory:81[m[K,
[2.010s]                  from [01m[K/home/ngvedu/test1_ws/src/sense_origin_build/src/ert_main.cpp:26[m[K:
[2.010s] [01m[K/usr/include/c++/9/bits/shared_ptr.h:714:5:[m[K [01;36m[Knote: [m[Kcandidate: â€˜[01m[Ktemplate<class _Tp, class ... _Args> std::shared_ptr<_Tp> std::make_shared(_Args&& ...)[m[Kâ€™
[2.010s]   714 |     [01;36m[Kmake_shared[m[K(_Args&&... __args)
[2.010s]       |     [01;36m[K^~~~~~~~~~~[m[K
[2.011s] [01m[K/usr/include/c++/9/bits/shared_ptr.h:714:5:[m[K [01;36m[Knote: [m[K  template argument deduction/substitution failed:
[2.011s] [01m[K/home/ngvedu/test1_ws/src/sense_origin_build/src/ert_main.cpp:139:47:[m[K [01;31m[Kerror: [m[Ktemplate argument 1 is invalid
[2.011s]   139 |   rclcpp::spin(std::make_shared<SinPublisher>([01;31m[K)[m[K);
[2.011s]       |                                               [01;31m[K^[m[K
[2.546s] make[2]: *** [CMakeFiles/Sense.dir/build.make:76: CMakeFiles/Sense.dir/src/ert_main.cpp.o] Error 1
[2.547s] make[1]: *** [CMakeFiles/Makefile2:78: CMakeFiles/Sense.dir/all] Error 2
[2.547s] make: *** [Makefile:141: all] Error 2
[2.551s] Invoked command in '/home/ngvedu/test1_ws/build/sense_origin_build' returned '2': CMAKE_PREFIX_PATH=${CMAKE_PREFIX_PATH}:/opt/ros/foxy /usr/bin/cmake --build /home/ngvedu/test1_ws/build/sense_origin_build -- -j2 -l2
