[01m[K/home/ngvedu/test1_ws/src/sense_origin_build/src/ert_main.cpp:[m[K In member function â€˜[01m[Kvoid SinPub::timer_callback()[m[Kâ€™:
[01m[K/home/ngvedu/test1_ws/src/sense_origin_build/src/ert_main.cpp:100:37:[m[K [01;31m[Kerror: [m[Kâ€˜[01m[KString[m[Kâ€™ is not a member of â€˜[01m[Kstd_msgs::msg[m[Kâ€™
  100 |       auto message = std_msgs::msg::[01;31m[KString[m[K();
      |                                     [01;31m[K^~~~~~[m[K
[01m[K/home/ngvedu/test1_ws/src/sense_origin_build/src/ert_main.cpp:[m[K In function â€˜[01m[Kint_T main(int_T, const char**)[m[Kâ€™:
[01m[K/home/ngvedu/test1_ws/src/sense_origin_build/src/ert_main.cpp:139:33:[m[K [01;31m[Kerror: [m[Kâ€˜[01m[KSinPublisher[m[Kâ€™ was not declared in this scope
  139 |   rclcpp::spin(std::make_shared<[01;31m[KSinPublisher[m[K>());
      |                                 [01;31m[K^~~~~~~~~~~~[m[K
[01m[K/home/ngvedu/test1_ws/src/sense_origin_build/src/ert_main.cpp:139:47:[m[K [01;31m[Kerror: [m[Kno matching function for call to â€˜[01m[Kmake_shared<<expression error> >()[m[Kâ€™
  139 |   rclcpp::spin(std::make_shared<SinPublisher>([01;31m[K)[m[K);
      |                                               [01;31m[K^[m[K
In file included from [01m[K/usr/include/c++/9/memory:81[m[K,
                 from [01m[K/home/ngvedu/test1_ws/src/sense_origin_build/src/ert_main.cpp:26[m[K:
[01m[K/usr/include/c++/9/bits/shared_ptr.h:714:5:[m[K [01;36m[Knote: [m[Kcandidate: â€˜[01m[Ktemplate<class _Tp, class ... _Args> std::shared_ptr<_Tp> std::make_shared(_Args&& ...)[m[Kâ€™
  714 |     [01;36m[Kmake_shared[m[K(_Args&&... __args)
      |     [01;36m[K^~~~~~~~~~~[m[K
[01m[K/usr/include/c++/9/bits/shared_ptr.h:714:5:[m[K [01;36m[Knote: [m[K  template argument deduction/substitution failed:
[01m[K/home/ngvedu/test1_ws/src/sense_origin_build/src/ert_main.cpp:139:47:[m[K [01;31m[Kerror: [m[Ktemplate argument 1 is invalid
  139 |   rclcpp::spin(std::make_shared<SinPublisher>([01;31m[K)[m[K);
      |                                               [01;31m[K^[m[K
make[2]: *** [CMakeFiles/Sense.dir/build.make:76: CMakeFiles/Sense.dir/src/ert_main.cpp.o] Error 1
make[1]: *** [CMakeFiles/Makefile2:78: CMakeFiles/Sense.dir/all] Error 2
make: *** [Makefile:141: all] Error 2
