[0.038s] Invoking command in '/home/ngvedu/test1_ws/build/sense_origin_build': CMAKE_PREFIX_PATH=${CMAKE_PREFIX_PATH}:/opt/ros/foxy /usr/bin/cmake --build /home/ngvedu/test1_ws/build/sense_origin_build -- -j2 -l2
[0.137s] [35m[1mScanning dependencies of target Sense[0m
[0.186s] [ 33%] [32mBuilding CXX object CMakeFiles/Sense.dir/src/ert_main.cpp.o[0m
[2.008s] [01m[K/home/ngvedu/test1_ws/src/sense_origin_build/src/ert_main.cpp:[m[K In member function â€˜[01m[Kvoid SinPub::timer_callback()[m[Kâ€™:
[2.009s] [01m[K/home/ngvedu/test1_ws/src/sense_origin_build/src/ert_main.cpp:100:37:[m[K [01;31m[Kerror: [m[Kâ€˜[01m[KString[m[Kâ€™ is not a member of â€˜[01m[Kstd_msgs::msg[m[Kâ€™
[2.009s]   100 |       auto message = std_msgs::msg::[01;31m[KString[m[K();
[2.009s]       |                                     [01;31m[K^~~~~~[m[K
[2.012s] [01m[K/home/ngvedu/test1_ws/src/sense_origin_build/src/ert_main.cpp:[m[K In function â€˜[01m[Kint_T main(int_T, const char**)[m[Kâ€™:
[2.013s] [01m[K/home/ngvedu/test1_ws/src/sense_origin_build/src/ert_main.cpp:139:33:[m[K [01;31m[Kerror: [m[Kâ€˜[01m[KSinPublisher[m[Kâ€™ was not declared in this scope
[2.013s]   139 |   rclcpp::spin(std::make_shared<[01;31m[KSinPublisher[m[K>());
[2.013s]       |                                 [01;31m[K^~~~~~~~~~~~[m[K
[2.013s] [01m[K/home/ngvedu/test1_ws/src/sense_origin_build/src/ert_main.cpp:139:47:[m[K [01;31m[Kerror: [m[Kno matching function for call to â€˜[01m[Kmake_shared<<expression error> >()[m[Kâ€™
[2.014s]   139 |   rclcpp::spin(std::make_shared<SinPublisher>([01;31m[K)[m[K);
[2.014s]       |                                               [01;31m[K^[m[K
[2.014s] In file included from [01m[K/usr/include/c++/9/memory:81[m[K,
[2.014s]                  from [01m[K/home/ngvedu/test1_ws/src/sense_origin_build/src/ert_main.cpp:26[m[K:
[2.014s] [01m[K/usr/include/c++/9/bits/shared_ptr.h:714:5:[m[K [01;36m[Knote: [m[Kcandidate: â€˜[01m[Ktemplate<class _Tp, class ... _Args> std::shared_ptr<_Tp> std::make_shared(_Args&& ...)[m[Kâ€™
[2.014s]   714 |     [01;36m[Kmake_shared[m[K(_Args&&... __args)
[2.014s]       |     [01;36m[K^~~~~~~~~~~[m[K
[2.014s] [01m[K/usr/include/c++/9/bits/shared_ptr.h:714:5:[m[K [01;36m[Knote: [m[K  template argument deduction/substitution failed:
[2.015s] [01m[K/home/ngvedu/test1_ws/src/sense_origin_build/src/ert_main.cpp:139:47:[m[K [01;31m[Kerror: [m[Ktemplate argument 1 is invalid
[2.015s]   139 |   rclcpp::spin(std::make_shared<SinPublisher>([01;31m[K)[m[K);
[2.015s]       |                                               [01;31m[K^[m[K
[2.902s] make[2]: *** [CMakeFiles/Sense.dir/build.make:76: CMakeFiles/Sense.dir/src/ert_main.cpp.o] Error 1
[2.902s] make[1]: *** [CMakeFiles/Makefile2:78: CMakeFiles/Sense.dir/all] Error 2
[2.902s] make: *** [Makefile:141: all] Error 2
[2.907s] Invoked command in '/home/ngvedu/test1_ws/build/sense_origin_build' returned '2': CMAKE_PREFIX_PATH=${CMAKE_PREFIX_PATH}:/opt/ros/foxy /usr/bin/cmake --build /home/ngvedu/test1_ws/build/sense_origin_build -- -j2 -l2
