[0.048s] Invoking command in '/home/ngvedu/test1_ws/build/sense_origin_build': CMAKE_PREFIX_PATH=${CMAKE_PREFIX_PATH}:/opt/ros/foxy /usr/bin/cmake --build /home/ngvedu/test1_ws/build/sense_origin_build -- -j2 -l2
[0.178s] [35m[1mScanning dependencies of target Sense[0m
[0.252s] [ 33%] [32mBuilding CXX object CMakeFiles/Sense.dir/src/ert_main.cpp.o[0m
[2.814s] [ 66%] [32m[1mLinking CXX executable Sense[0m
[3.027s] /usr/bin/ld: CMakeFiles/Sense.dir/src/ert_main.cpp.o: in function `rt_OneStep()':
[3.027s] ert_main.cpp:(.text+0x2e): undefined reference to `Sense_step()'
[3.028s] /usr/bin/ld: CMakeFiles/Sense.dir/src/ert_main.cpp.o: in function `main':
[3.028s] ert_main.cpp:(.text+0x4f): undefined reference to `Sense_initialize()'
[3.028s] /usr/bin/ld: ert_main.cpp:(.text+0xa2): undefined reference to `Sense_terminate()'
[3.030s] collect2: error: ld returned 1 exit status
[3.033s] make[2]: *** [CMakeFiles/Sense.dir/build.make:146: Sense] Error 1
[3.034s] make[1]: *** [CMakeFiles/Makefile2:78: CMakeFiles/Sense.dir/all] Error 2
[3.034s] make: *** [Makefile:141: all] Error 2
[3.044s] Invoked command in '/home/ngvedu/test1_ws/build/sense_origin_build' returned '2': CMAKE_PREFIX_PATH=${CMAKE_PREFIX_PATH}:/opt/ros/foxy /usr/bin/cmake --build /home/ngvedu/test1_ws/build/sense_origin_build -- -j2 -l2
