[0.000000] (-) TimerEvent: {}
[0.001257] (sense_origin_build) JobQueued: {'identifier': 'sense_origin_build', 'dependencies': OrderedDict()}
[0.002038] (sense_origin_build) JobStarted: {'identifier': 'sense_origin_build'}
[0.032245] (sense_origin_build) JobProgress: {'identifier': 'sense_origin_build', 'progress': 'cmake'}
[0.037831] (sense_origin_build) JobProgress: {'identifier': 'sense_origin_build', 'progress': 'build'}
[0.037954] (sense_origin_build) Command: {'cmd': ['/usr/bin/cmake', '--build', '/home/ngvedu/test1_ws/build/sense_origin_build', '--', '-j2', '-l2'], 'cwd': '/home/ngvedu/test1_ws/build/sense_origin_build', 'env': OrderedDict([('LESSOPEN', '| /usr/bin/lesspipe %s'), ('USER', 'ngvedu'), ('SHLVL', '1'), ('LD_LIBRARY_PATH', '/usr/lib/x86_64-linux-gnu/gazebo-11/plugins:/opt/ros/foxy/opt/yaml_cpp_vendor/lib:/opt/ros/foxy/opt/rviz_ogre_vendor/lib:/opt/ros/foxy/lib/x86_64-linux-gnu:/opt/ros/foxy/lib'), ('WT_PROFILE_ID', '{2c4de342-38b7-51cf-b940-2309a097f518}'), ('HOME', '/home/ngvedu'), ('OLDPWD', '/home/ngvedu/test1_ws/src/sense_origin_build/src'), ('ROS_PYTHON_VERSION', '3'), ('LIBGL_ALWAYS_INDEIRECT', '1'), ('WSL_DISTRO_NAME', 'Ubuntu'), ('COLCON_PREFIX_PATH', '/home/ngvedu/test1_ws/install'), ('ROS_DISTRO', 'foxy'), ('LOGNAME', 'ngvedu'), ('NAME', 'ngvVM'), ('WSL_INTEROP', '/run/WSL/20955_interop'), ('_', '/usr/bin/colcon'), ('ROS_VERSION', '2'), ('TERM', 'xterm-256color'), ('ROS_LOCALHOST_ONLY', '0'), ('PATH', '/home/ngvedu/.local/bin:/opt/ros/foxy/bin:/usr/local/sbin:/usr/local/bin:/usr/sbin:/usr/bin:/sbin:/bin:/usr/games:/usr/local/games:/usr/lib/wsl/lib:/mnt/c/Program Files (x86)/Common Files/Oracle/Java/javapath:/mnt/c/Windows/system32:/mnt/c/Windows:/mnt/c/Windows/System32/Wbem:/mnt/c/Windows/System32/WindowsPowerShell/v1.0/:/mnt/c/Windows/System32/OpenSSH/:/mnt/c/Program Files/Java/jre1.8.0_311/bin:/mnt/c/Program Files/CMake/bin:/mnt/c/Program Files/Git/cmd:/mnt/c/Users/Choiin/AppData/Local/Programs/Python/Python37/Scripts/:/mnt/c/Users/Choiin/AppData/Local/Programs/Python/Python37/:/mnt/c/Users/Choiin/AppData/Local/Microsoft/WindowsApps:/mnt/c/Users/Choiin/AppData/Local/Programs/Microsoft VS Code/bin:/snap/bin'), ('WT_SESSION', '67065138-3b20-406d-83f2-097e13d741a0'), ('DISPLAY', '172.17.112.1:0'), ('LANG', 'en_US.UTF-8'), ('LS_COLORS', 'rs=0:di=01;34:ln=01;36:mh=00:pi=40;33:so=01;35:do=01;35:bd=40;33;01:cd=40;33;01:or=40;31;01:mi=00:su=37;41:sg=30;43:ca=30;41:tw=30;42:ow=34;42:st=37;44:ex=01;32:*.tar=01;31:*.tgz=01;31:*.arc=01;31:*.arj=01;31:*.taz=01;31:*.lha=01;31:*.lz4=01;31:*.lzh=01;31:*.lzma=01;31:*.tlz=01;31:*.txz=01;31:*.tzo=01;31:*.t7z=01;31:*.zip=01;31:*.z=01;31:*.dz=01;31:*.gz=01;31:*.lrz=01;31:*.lz=01;31:*.lzo=01;31:*.xz=01;31:*.zst=01;31:*.tzst=01;31:*.bz2=01;31:*.bz=01;31:*.tbz=01;31:*.tbz2=01;31:*.tz=01;31:*.deb=01;31:*.rpm=01;31:*.jar=01;31:*.war=01;31:*.ear=01;31:*.sar=01;31:*.rar=01;31:*.alz=01;31:*.ace=01;31:*.zoo=01;31:*.cpio=01;31:*.7z=01;31:*.rz=01;31:*.cab=01;31:*.wim=01;31:*.swm=01;31:*.dwm=01;31:*.esd=01;31:*.jpg=01;35:*.jpeg=01;35:*.mjpg=01;35:*.mjpeg=01;35:*.gif=01;35:*.bmp=01;35:*.pbm=01;35:*.pgm=01;35:*.ppm=01;35:*.tga=01;35:*.xbm=01;35:*.xpm=01;35:*.tif=01;35:*.tiff=01;35:*.png=01;35:*.svg=01;35:*.svgz=01;35:*.mng=01;35:*.pcx=01;35:*.mov=01;35:*.mpg=01;35:*.mpeg=01;35:*.m2v=01;35:*.mkv=01;35:*.webm=01;35:*.ogm=01;35:*.mp4=01;35:*.m4v=01;35:*.mp4v=01;35:*.vob=01;35:*.qt=01;35:*.nuv=01;35:*.wmv=01;35:*.asf=01;35:*.rm=01;35:*.rmvb=01;35:*.flc=01;35:*.avi=01;35:*.fli=01;35:*.flv=01;35:*.gl=01;35:*.dl=01;35:*.xcf=01;35:*.xwd=01;35:*.yuv=01;35:*.cgm=01;35:*.emf=01;35:*.ogv=01;35:*.ogx=01;35:*.aac=00;36:*.au=00;36:*.flac=00;36:*.m4a=00;36:*.mid=00;36:*.midi=00;36:*.mka=00;36:*.mp3=00;36:*.mpc=00;36:*.ogg=00;36:*.ra=00;36:*.wav=00;36:*.oga=00;36:*.opus=00;36:*.spx=00;36:*.xspf=00;36:'), ('AMENT_PREFIX_PATH', '/home/ngvedu/test1_ws/install/sense_origin_build:/opt/ros/foxy'), ('SHELL', '/bin/bash'), ('LESSCLOSE', '/usr/bin/lesspipe %s %s'), ('PWD', '/home/ngvedu/test1_ws/build/sense_origin_build'), ('XDG_DATA_DIRS', '/usr/local/share:/usr/share:/var/lib/snapd/desktop'), ('PYTHONPATH', '/opt/ros/foxy/lib/python3.8/site-packages'), ('COLCON', '1'), ('HOSTTYPE', 'x86_64'), ('CMAKE_PREFIX_PATH', '/home/ngvedu/test1_ws/install/sense_origin_build:/opt/ros/foxy'), ('WSLENV', 'WT_SESSION::WT_PROFILE_ID')]), 'shell': False}
[0.095919] (-) TimerEvent: {}
[0.157794] (sense_origin_build) StdoutLine: {'line': b'\x1b[35m\x1b[1mScanning dependencies of target Sense\x1b[0m\n'}
[0.188520] (sense_origin_build) StdoutLine: {'line': b'[ 33%] \x1b[32mBuilding C object CMakeFiles/Sense.dir/src/Sense.c.o\x1b[0m\n'}
[0.196077] (-) TimerEvent: {}
[0.210157] (sense_origin_build) StdoutLine: {'line': b'[ 66%] \x1b[32mBuilding CXX object CMakeFiles/Sense.dir/src/ert_main.cpp.o\x1b[0m\n'}
[0.301148] (-) TimerEvent: {}
[0.402389] (-) TimerEvent: {}
[0.516918] (-) TimerEvent: {}
[0.618228] (-) TimerEvent: {}
[0.718956] (-) TimerEvent: {}
[0.819601] (-) TimerEvent: {}
[0.920322] (-) TimerEvent: {}
[1.020955] (-) TimerEvent: {}
[1.121607] (-) TimerEvent: {}
[1.222252] (-) TimerEvent: {}
[1.322919] (-) TimerEvent: {}
[1.423675] (-) TimerEvent: {}
[1.524369] (-) TimerEvent: {}
[1.625032] (-) TimerEvent: {}
[1.725682] (-) TimerEvent: {}
[1.826323] (-) TimerEvent: {}
[1.926916] (-) TimerEvent: {}
[2.027561] (-) TimerEvent: {}
[2.128185] (-) TimerEvent: {}
[2.144263] (sense_origin_build) StderrLine: {'line': b'\x1b[01m\x1b[K/home/ngvedu/test1_ws/src/sense_origin_build/src/ert_main.cpp:42:19:\x1b[m\x1b[K \x1b[01;31m\x1b[Kerror: \x1b[m\x1b[KISO C++ forbids declaration of \xe2\x80\x98\x1b[01m\x1b[KSense_step\x1b[m\x1b[K\xe2\x80\x99 with no type [\x1b[01;31m\x1b[K-fpermissive\x1b[m\x1b[K]\n'}
[2.144810] (sense_origin_build) StderrLine: {'line': b'   42 | extern Sense_step(\x1b[01;31m\x1b[K)\x1b[m\x1b[K;\n'}
[2.144996] (sense_origin_build) StderrLine: {'line': b'      |                   \x1b[01;31m\x1b[K^\x1b[m\x1b[K\n'}
[2.145134] (sense_origin_build) StderrLine: {'line': b'\x1b[01m\x1b[K/home/ngvedu/test1_ws/src/sense_origin_build/src/ert_main.cpp:42:8:\x1b[m\x1b[K \x1b[01;31m\x1b[Kerror: \x1b[m\x1b[Kambiguating new declaration of \xe2\x80\x98\x1b[01m\x1b[Kint Sense_step()\x1b[m\x1b[K\xe2\x80\x99\n'}
[2.145272] (sense_origin_build) StderrLine: {'line': b'   42 | extern \x1b[01;31m\x1b[KSense_step\x1b[m\x1b[K();\n'}
[2.145397] (sense_origin_build) StderrLine: {'line': b'      |        \x1b[01;31m\x1b[K^~~~~~~~~~\x1b[m\x1b[K\n'}
[2.145522] (sense_origin_build) StderrLine: {'line': b'In file included from \x1b[01m\x1b[K/home/ngvedu/test1_ws/src/sense_origin_build/src/ert_main.cpp:22\x1b[m\x1b[K:\n'}
[2.145655] (sense_origin_build) StderrLine: {'line': b'\x1b[01m\x1b[K/home/ngvedu/test1_ws/src/sense_origin_build/include/sense_origin_build/Sense.h:77:13:\x1b[m\x1b[K \x1b[01;36m\x1b[Knote: \x1b[m\x1b[Kold declaration \xe2\x80\x98\x1b[01m\x1b[Kvoid Sense_step()\x1b[m\x1b[K\xe2\x80\x99\n'}
[2.145783] (sense_origin_build) StderrLine: {'line': b'   77 | extern void \x1b[01;36m\x1b[KSense_step\x1b[m\x1b[K(void);\n'}
[2.145915] (sense_origin_build) StderrLine: {'line': b'      |             \x1b[01;36m\x1b[K^~~~~~~~~~\x1b[m\x1b[K\n'}
[2.146023] (sense_origin_build) StderrLine: {'line': b'\x1b[01m\x1b[K/home/ngvedu/test1_ws/src/sense_origin_build/src/ert_main.cpp:43:25:\x1b[m\x1b[K \x1b[01;31m\x1b[Kerror: \x1b[m\x1b[KISO C++ forbids declaration of \xe2\x80\x98\x1b[01m\x1b[KSense_initialize\x1b[m\x1b[K\xe2\x80\x99 with no type [\x1b[01;31m\x1b[K-fpermissive\x1b[m\x1b[K]\n'}
[2.146131] (sense_origin_build) StderrLine: {'line': b'   43 | extern Sense_initialize(\x1b[01;31m\x1b[K)\x1b[m\x1b[K;\n'}
[2.146239] (sense_origin_build) StderrLine: {'line': b'      |                         \x1b[01;31m\x1b[K^\x1b[m\x1b[K\n'}
[2.146348] (sense_origin_build) StderrLine: {'line': b'\x1b[01m\x1b[K/home/ngvedu/test1_ws/src/sense_origin_build/src/ert_main.cpp:43:8:\x1b[m\x1b[K \x1b[01;31m\x1b[Kerror: \x1b[m\x1b[Kambiguating new declaration of \xe2\x80\x98\x1b[01m\x1b[Kint Sense_initialize()\x1b[m\x1b[K\xe2\x80\x99\n'}
[2.146471] (sense_origin_build) StderrLine: {'line': b'   43 | extern \x1b[01;31m\x1b[KSense_initialize\x1b[m\x1b[K();\n'}
[2.146589] (sense_origin_build) StderrLine: {'line': b'      |        \x1b[01;31m\x1b[K^~~~~~~~~~~~~~~~\x1b[m\x1b[K\n'}
[2.146719] (sense_origin_build) StderrLine: {'line': b'In file included from \x1b[01m\x1b[K/home/ngvedu/test1_ws/src/sense_origin_build/src/ert_main.cpp:22\x1b[m\x1b[K:\n'}
[2.146843] (sense_origin_build) StderrLine: {'line': b'\x1b[01m\x1b[K/home/ngvedu/test1_ws/src/sense_origin_build/include/sense_origin_build/Sense.h:76:13:\x1b[m\x1b[K \x1b[01;36m\x1b[Knote: \x1b[m\x1b[Kold declaration \xe2\x80\x98\x1b[01m\x1b[Kvoid Sense_initialize()\x1b[m\x1b[K\xe2\x80\x99\n'}
[2.146970] (sense_origin_build) StderrLine: {'line': b'   76 | extern void \x1b[01;36m\x1b[KSense_initialize\x1b[m\x1b[K(void);\n'}
[2.147101] (sense_origin_build) StderrLine: {'line': b'      |             \x1b[01;36m\x1b[K^~~~~~~~~~~~~~~~\x1b[m\x1b[K\n'}
[2.147225] (sense_origin_build) StderrLine: {'line': b'\x1b[01m\x1b[K/home/ngvedu/test1_ws/src/sense_origin_build/src/ert_main.cpp:44:24:\x1b[m\x1b[K \x1b[01;31m\x1b[Kerror: \x1b[m\x1b[KISO C++ forbids declaration of \xe2\x80\x98\x1b[01m\x1b[KSense_terminate\x1b[m\x1b[K\xe2\x80\x99 with no type [\x1b[01;31m\x1b[K-fpermissive\x1b[m\x1b[K]\n'}
[2.147359] (sense_origin_build) StderrLine: {'line': b'   44 | extern Sense_terminate(\x1b[01;31m\x1b[K)\x1b[m\x1b[K;\n'}
[2.147474] (sense_origin_build) StderrLine: {'line': b'      |                        \x1b[01;31m\x1b[K^\x1b[m\x1b[K\n'}
[2.147592] (sense_origin_build) StderrLine: {'line': b'\x1b[01m\x1b[K/home/ngvedu/test1_ws/src/sense_origin_build/src/ert_main.cpp:44:8:\x1b[m\x1b[K \x1b[01;31m\x1b[Kerror: \x1b[m\x1b[Kambiguating new declaration of \xe2\x80\x98\x1b[01m\x1b[Kint Sense_terminate()\x1b[m\x1b[K\xe2\x80\x99\n'}
[2.147712] (sense_origin_build) StderrLine: {'line': b'   44 | extern \x1b[01;31m\x1b[KSense_terminate\x1b[m\x1b[K();\n'}
[2.147829] (sense_origin_build) StderrLine: {'line': b'      |        \x1b[01;31m\x1b[K^~~~~~~~~~~~~~~\x1b[m\x1b[K\n'}
[2.148051] (sense_origin_build) StderrLine: {'line': b'In file included from \x1b[01m\x1b[K/home/ngvedu/test1_ws/src/sense_origin_build/src/ert_main.cpp:22\x1b[m\x1b[K:\n'}
[2.148209] (sense_origin_build) StderrLine: {'line': b'\x1b[01m\x1b[K/home/ngvedu/test1_ws/src/sense_origin_build/include/sense_origin_build/Sense.h:78:13:\x1b[m\x1b[K \x1b[01;36m\x1b[Knote: \x1b[m\x1b[Kold declaration \xe2\x80\x98\x1b[01m\x1b[Kvoid Sense_terminate()\x1b[m\x1b[K\xe2\x80\x99\n'}
[2.148347] (sense_origin_build) StderrLine: {'line': b'   78 | extern void \x1b[01;36m\x1b[KSense_terminate\x1b[m\x1b[K(void);\n'}
[2.148483] (sense_origin_build) StderrLine: {'line': b'      |             \x1b[01;36m\x1b[K^~~~~~~~~~~~~~~\x1b[m\x1b[K\n'}
[2.228484] (-) TimerEvent: {}
[2.329231] (-) TimerEvent: {}
[2.429871] (-) TimerEvent: {}
[2.530610] (-) TimerEvent: {}
[2.631321] (-) TimerEvent: {}
[2.652361] (sense_origin_build) StderrLine: {'line': b'make[2]: *** [CMakeFiles/Sense.dir/build.make:76: CMakeFiles/Sense.dir/src/ert_main.cpp.o] Error 1\n'}
[2.653028] (sense_origin_build) StderrLine: {'line': b'make[1]: *** [CMakeFiles/Makefile2:78: CMakeFiles/Sense.dir/all] Error 2\n'}
[2.653193] (sense_origin_build) StderrLine: {'line': b'make: *** [Makefile:141: all] Error 2\n'}
[2.657517] (sense_origin_build) CommandEnded: {'returncode': 2}
[2.738450] (-) TimerEvent: {}
[2.745435] (sense_origin_build) JobEnded: {'identifier': 'sense_origin_build', 'rc': 2}
[2.749611] (-) EventReactorShutdown: {}
