[0.030s] Invoking command in '/home/ngvedu/test1_ws/build/sense_origin_build': CMAKE_PREFIX_PATH=${CMAKE_PREFIX_PATH}:/opt/ros/foxy /usr/bin/cmake --build /home/ngvedu/test1_ws/build/sense_origin_build -- -j2 -l2
[0.135s] [35m[1mScanning dependencies of target Sense[0m
[0.166s] [ 33%] [32mBuilding C object CMakeFiles/Sense.dir/src/Sense.c.o[0m
[0.191s] In file included from [01m[K/home/ngvedu/test1_ws/src/sense_origin_build/src/Sense.c:20[m[K:
[0.191s] [01m[K/home/ngvedu/test1_ws/src/sense_origin_build/include/sense_origin_build/Sense.h:85:8:[m[K [01;31m[Kerror: [m[Kexpected identifier or â€˜[01m[K([m[Kâ€™ before string constant
[0.191s]    85 | extern [01;31m[K"C"[m[K{
[0.192s]       |        [01;31m[K^~~[m[K
[0.192s] [01m[K/home/ngvedu/test1_ws/src/sense_origin_build/src/Sense.c:34:8:[m[K [01;31m[Kerror: [m[Kexpected identifier or â€˜[01m[K([m[Kâ€™ before string constant
[0.192s]    34 | extern [01;31m[K"C"[m[K{
[0.192s]       |        [01;31m[K^~~[m[K
[0.192s] [01m[K/home/ngvedu/test1_ws/src/sense_origin_build/src/Sense.c:75:8:[m[K [01;31m[Kerror: [m[Kexpected identifier or â€˜[01m[K([m[Kâ€™ before string constant
[0.192s]    75 | extern [01;31m[K"C"[m[K void Sense_initialize(void)
[0.192s]       |        [01;31m[K^~~[m[K
[0.192s] [01m[K/home/ngvedu/test1_ws/src/sense_origin_build/src/Sense.c:85:8:[m[K [01;31m[Kerror: [m[Kexpected identifier or â€˜[01m[K([m[Kâ€™ before string constant
[0.193s]    85 | extern [01;31m[K"C"[m[K void Sense_terminate(void)
[0.193s]       |        [01;31m[K^~~[m[K
[0.194s] make[2]: *** [CMakeFiles/Sense.dir/build.make:63: CMakeFiles/Sense.dir/src/Sense.c.o] Error 1
[0.195s] make[1]: *** [CMakeFiles/Makefile2:78: CMakeFiles/Sense.dir/all] Error 2
[0.195s] make: *** [Makefile:141: all] Error 2
[0.205s] Invoked command in '/home/ngvedu/test1_ws/build/sense_origin_build' returned '2': CMAKE_PREFIX_PATH=${CMAKE_PREFIX_PATH}:/opt/ros/foxy /usr/bin/cmake --build /home/ngvedu/test1_ws/build/sense_origin_build -- -j2 -l2
