[0.037s] Invoking command in '/home/ngvedu/test1_ws/build/sense_origin_build': CMAKE_PREFIX_PATH=${CMAKE_PREFIX_PATH}:/opt/ros/foxy /usr/bin/cmake --build /home/ngvedu/test1_ws/build/sense_origin_build -- -j2 -l2
[0.139s] [35m[1mScanning dependencies of target Sense[0m
[0.214s] [ 33%] [32mBuilding CXX object CMakeFiles/Sense.dir/src/ert_main.cpp.o[0m
[2.159s] [01m[K/home/ngvedu/test1_ws/src/sense_origin_build/src/ert_main.cpp:42:17:[m[K [01;31m[Kerror: [m[Kconflicting declaration of â€˜[01m[Kvoid Sense_step()[m[Kâ€™ with â€˜[01m[KC[m[Kâ€™ linkage
[2.159s]    42 | extern "C" void [01;31m[KSense_step[m[K(void);
[2.160s]       |                 [01;31m[K^~~~~~~~~~[m[K
[2.160s] In file included from [01m[K/home/ngvedu/test1_ws/src/sense_origin_build/src/ert_main.cpp:22[m[K:
[2.160s] [01m[K/home/ngvedu/test1_ws/src/sense_origin_build/include/sense_origin_build/Sense.h:77:13:[m[K [01;36m[Knote: [m[Kprevious declaration with â€˜[01m[KC++[m[Kâ€™ linkage
[2.160s]    77 | extern void [01;36m[KSense_step[m[K(void);
[2.160s]       |             [01;36m[K^~~~~~~~~~[m[K
[2.160s] [01m[K/home/ngvedu/test1_ws/src/sense_origin_build/src/ert_main.cpp:43:17:[m[K [01;31m[Kerror: [m[Kconflicting declaration of â€˜[01m[Kvoid Sense_initialize()[m[Kâ€™ with â€˜[01m[KC[m[Kâ€™ linkage
[2.160s]    43 | extern "C" void [01;31m[KSense_initialize[m[K(void);
[2.160s]       |                 [01;31m[K^~~~~~~~~~~~~~~~[m[K
[2.161s] In file included from [01m[K/home/ngvedu/test1_ws/src/sense_origin_build/src/ert_main.cpp:22[m[K:
[2.161s] [01m[K/home/ngvedu/test1_ws/src/sense_origin_build/include/sense_origin_build/Sense.h:76:13:[m[K [01;36m[Knote: [m[Kprevious declaration with â€˜[01m[KC++[m[Kâ€™ linkage
[2.161s]    76 | extern void [01;36m[KSense_initialize[m[K(void);
[2.161s]       |             [01;36m[K^~~~~~~~~~~~~~~~[m[K
[2.161s] [01m[K/home/ngvedu/test1_ws/src/sense_origin_build/src/ert_main.cpp:44:17:[m[K [01;31m[Kerror: [m[Kconflicting declaration of â€˜[01m[Kvoid Sense_terminate()[m[Kâ€™ with â€˜[01m[KC[m[Kâ€™ linkage
[2.161s]    44 | extern "C" void [01;31m[KSense_terminate[m[K(void);
[2.161s]       |                 [01;31m[K^~~~~~~~~~~~~~~[m[K
[2.161s] In file included from [01m[K/home/ngvedu/test1_ws/src/sense_origin_build/src/ert_main.cpp:22[m[K:
[2.162s] [01m[K/home/ngvedu/test1_ws/src/sense_origin_build/include/sense_origin_build/Sense.h:78:13:[m[K [01;36m[Knote: [m[Kprevious declaration with â€˜[01m[KC++[m[Kâ€™ linkage
[2.162s]    78 | extern void [01;36m[KSense_terminate[m[K(void);
[2.162s]       |             [01;36m[K^~~~~~~~~~~~~~~[m[K
[2.671s] make[2]: *** [CMakeFiles/Sense.dir/build.make:76: CMakeFiles/Sense.dir/src/ert_main.cpp.o] Error 1
[2.672s] make[1]: *** [CMakeFiles/Makefile2:78: CMakeFiles/Sense.dir/all] Error 2
[2.672s] make: *** [Makefile:141: all] Error 2
[2.677s] Invoked command in '/home/ngvedu/test1_ws/build/sense_origin_build' returned '2': CMAKE_PREFIX_PATH=${CMAKE_PREFIX_PATH}:/opt/ros/foxy /usr/bin/cmake --build /home/ngvedu/test1_ws/build/sense_origin_build -- -j2 -l2
