[0.038s] Invoking command in '/home/ngvedu/test1_ws/build/sense_origin_build': CMAKE_PREFIX_PATH=${CMAKE_PREFIX_PATH}:/opt/ros/foxy /usr/bin/cmake --build /home/ngvedu/test1_ws/build/sense_origin_build -- -j2 -l2
[0.157s] [35m[1mScanning dependencies of target Sense[0m
[0.181s] [ 33%] [32mBuilding CXX object CMakeFiles/Sense.dir/src/ert_main.cpp.o[0m
[0.192s] [ 66%] [32mBuilding C object CMakeFiles/Sense.dir/src/Sense.c.o[0m
[0.251s] In file included from [01m[K/home/ngvedu/test1_ws/src/sense_origin_build/src/Sense.c:20[m[K:
[0.252s] [01m[K/home/ngvedu/test1_ws/src/sense_origin_build/include/sense_origin_build/Sense.h:85:8:[m[K [01;31m[Kerror: [m[Kexpected identifier or â€˜[01m[K([m[Kâ€™ before string constant
[0.252s]    85 | extern [01;31m[K"C"[m[K{
[0.252s]       |        [01;31m[K^~~[m[K
[0.256s] [01m[K/home/ngvedu/test1_ws/src/sense_origin_build/src/Sense.c:34:8:[m[K [01;31m[Kerror: [m[Kexpected identifier or â€˜[01m[K([m[Kâ€™ before string constant
[0.256s]    34 | extern [01;31m[K"C"[m[K void Sense_step(void)
[0.256s]       |        [01;31m[K^~~[m[K
[0.259s] [01m[K/home/ngvedu/test1_ws/src/sense_origin_build/src/Sense.c:74:8:[m[K [01;31m[Kerror: [m[Kexpected identifier or â€˜[01m[K([m[Kâ€™ before string constant
[0.259s]    74 | extern [01;31m[K"C"[m[K void Sense_initialize(void)
[0.259s]       |        [01;31m[K^~~[m[K
[0.262s] [01m[K/home/ngvedu/test1_ws/src/sense_origin_build/src/Sense.c:84:8:[m[K [01;31m[Kerror: [m[Kexpected identifier or â€˜[01m[K([m[Kâ€™ before string constant
[0.262s]    84 | extern [01;31m[K"C"[m[K void Sense_terminate(void)
[0.262s]       |        [01;31m[K^~~[m[K
[0.272s] make[2]: *** [CMakeFiles/Sense.dir/build.make:63: CMakeFiles/Sense.dir/src/Sense.c.o] Error 1
[0.272s] make[2]: *** Waiting for unfinished jobs....
[0.342s] make[1]: *** [CMakeFiles/Makefile2:78: CMakeFiles/Sense.dir/all] Error 2
[0.342s] make: *** [Makefile:141: all] Error 2
[0.349s] Invoked command in '/home/ngvedu/test1_ws/build/sense_origin_build' returned '2': CMAKE_PREFIX_PATH=${CMAKE_PREFIX_PATH}:/opt/ros/foxy /usr/bin/cmake --build /home/ngvedu/test1_ws/build/sense_origin_build -- -j2 -l2
