[0.027s] Invoking command in '/home/ngvedu/test1_ws/build/sense_origin_build': CMAKE_PREFIX_PATH=${CMAKE_PREFIX_PATH}:/opt/ros/foxy /usr/bin/cmake --build /home/ngvedu/test1_ws/build/sense_origin_build -- -j2 -l2
[0.149s] [35m[1mScanning dependencies of target Sense[0m
[0.176s] [ 33%] [32mBuilding C object CMakeFiles/Sense.dir/src/Sense.c.o[0m
[0.184s] [ 66%] [32mBuilding CXX object CMakeFiles/Sense.dir/src/ert_main.cpp.o[0m
[0.231s] [01m[K/home/ngvedu/test1_ws/src/sense_origin_build/src/Sense.c:34:8:[m[K [01;31m[Kerror: [m[Kexpected identifier or â€˜[01m[K([m[Kâ€™ before string constant
[0.232s]    34 | extern [01;31m[K"C"[m[K{
[0.232s]       |        [01;31m[K^~~[m[K
[0.232s] [01m[K/home/ngvedu/test1_ws/src/sense_origin_build/src/Sense.c:75:8:[m[K [01;31m[Kerror: [m[Kexpected identifier or â€˜[01m[K([m[Kâ€™ before string constant
[0.232s]    75 | extern [01;31m[K"C"[m[K void Sense_initialize(void)
[0.232s]       |        [01;31m[K^~~[m[K
[0.232s] [01m[K/home/ngvedu/test1_ws/src/sense_origin_build/src/Sense.c:85:8:[m[K [01;31m[Kerror: [m[Kexpected identifier or â€˜[01m[K([m[Kâ€™ before string constant
[0.232s]    85 | extern [01;31m[K"C"[m[K void Sense_terminate(void)
[0.232s]       |        [01;31m[K^~~[m[K
[0.235s] make[2]: *** [CMakeFiles/Sense.dir/build.make:63: CMakeFiles/Sense.dir/src/Sense.c.o] Error 1
[0.235s] make[2]: *** Waiting for unfinished jobs....
[0.290s] [01m[K/home/ngvedu/test1_ws/src/sense_origin_build/src/ert_main.cpp:37:1:[m[K [01;31m[Kerror: [m[Kexpected constructor, destructor, or type conversion before â€˜[01m[Kextern[m[Kâ€™
[0.290s]    37 | [01;31m[Kextern[m[K "C" Sense_initialize()
[0.290s]       | [01;31m[K^~~~~~[m[K
[0.306s] make[2]: *** [CMakeFiles/Sense.dir/build.make:76: CMakeFiles/Sense.dir/src/ert_main.cpp.o] Error 1
[0.306s] make[1]: *** [CMakeFiles/Makefile2:78: CMakeFiles/Sense.dir/all] Error 2
[0.308s] make: *** [Makefile:141: all] Error 2
[0.321s] Invoked command in '/home/ngvedu/test1_ws/build/sense_origin_build' returned '2': CMAKE_PREFIX_PATH=${CMAKE_PREFIX_PATH}:/opt/ros/foxy /usr/bin/cmake --build /home/ngvedu/test1_ws/build/sense_origin_build -- -j2 -l2
