[01m[K/home/ngvedu/test1_ws/src/sense_origin_build/src/ert_main.cpp:[m[K In member function â€˜[01m[Kvoid SinPub::timer_callback()[m[Kâ€™:
[01m[K/home/ngvedu/test1_ws/src/sense_origin_build/src/ert_main.cpp:101:33:[m[K [01;31m[Kerror: [m[Krequest for member â€˜[01m[KSense_Y[m[Kâ€™ in â€˜[01m[KSense_step[m[Kâ€™, which is of non-class type â€˜[01m[Kvoid()[m[Kâ€™
  101 |       message.data = Sense_step.[01;31m[KSense_Y[m[K.out;
      |                                 [01;31m[K^~~~~~~[m[K
make[2]: *** [CMakeFiles/Sense.dir/build.make:76: CMakeFiles/Sense.dir/src/ert_main.cpp.o] Error 1
make[1]: *** [CMakeFiles/Makefile2:78: CMakeFiles/Sense.dir/all] Error 2
make: *** [Makefile:141: all] Error 2
