[0.035s] Invoking command in '/home/ngvedu/test1_ws/build/sense_origin_build': CMAKE_PREFIX_PATH=${CMAKE_PREFIX_PATH}:/opt/ros/foxy /usr/bin/cmake --build /home/ngvedu/test1_ws/build/sense_origin_build -- -j2 -l2
[0.141s] [35m[1mScanning dependencies of target Sense[0m
[0.242s] [ 33%] [32mBuilding CXX object CMakeFiles/Sense.dir/src/ert_main.cpp.o[0m
[2.164s] [01m[K/home/ngvedu/test1_ws/src/sense_origin_build/src/ert_main.cpp:[m[K In member function â€˜[01m[Kvoid SinPub::timer_callback()[m[Kâ€™:
[2.164s] [01m[K/home/ngvedu/test1_ws/src/sense_origin_build/src/ert_main.cpp:101:33:[m[K [01;31m[Kerror: [m[Krequest for member â€˜[01m[KSense_Y[m[Kâ€™ in â€˜[01m[KSense_step[m[Kâ€™, which is of non-class type â€˜[01m[Kvoid()[m[Kâ€™
[2.164s]   101 |       message.data = Sense_step.[01;31m[KSense_Y[m[K.out;
[2.165s]       |                                 [01;31m[K^~~~~~~[m[K
[3.525s] make[2]: *** [CMakeFiles/Sense.dir/build.make:76: CMakeFiles/Sense.dir/src/ert_main.cpp.o] Error 1
[3.525s] make[1]: *** [CMakeFiles/Makefile2:78: CMakeFiles/Sense.dir/all] Error 2
[3.526s] make: *** [Makefile:141: all] Error 2
[3.530s] Invoked command in '/home/ngvedu/test1_ws/build/sense_origin_build' returned '2': CMAKE_PREFIX_PATH=${CMAKE_PREFIX_PATH}:/opt/ros/foxy /usr/bin/cmake --build /home/ngvedu/test1_ws/build/sense_origin_build -- -j2 -l2
