[35m[1mScanning dependencies of target Sense[0m
[ 33%] [32mBuilding CXX object CMakeFiles/Sense.dir/src/ert_main.cpp.o[0m
[01m[K/home/ngvedu/test1_ws/src/sense_origin_build/src/ert_main.cpp:[m[K In member function â€˜[01m[Kvoid SinPub::timer_callback()[m[Kâ€™:
[01m[K/home/ngvedu/test1_ws/src/sense_origin_build/src/ert_main.cpp:102:29:[m[K [01;31m[Kerror: [m[Kcannot convert â€˜[01m[Kreal_T[m[Kâ€™ {aka â€˜[01m[Kdouble[m[Kâ€™} to â€˜[01m[Kconst char*[m[Kâ€™
  102 |       printf(wctype([01;31m[KSense_Y.out[m[K));
      |                     [01;31m[K~~~~~~~~^~~[m[K
      |                             [01;31m[K|[m[K
      |                             [01;31m[Kreal_T {aka double}[m[K
In file included from [01m[K/usr/include/wctype.h:38[m[K,
                 from [01m[K/usr/include/c++/9/cwctype:50[m[K,
                 from [01m[K/usr/include/c++/9/bits/locale_facets.h:39[m[K,
                 from [01m[K/usr/include/c++/9/bits/basic_ios.h:37[m[K,
                 from [01m[K/usr/include/c++/9/ios:44[m[K,
                 from [01m[K/usr/include/c++/9/ostream:38[m[K,
                 from [01m[K/usr/include/c++/9/iostream:39[m[K,
                 from [01m[K/home/ngvedu/test1_ws/src/sense_origin_build/src/ert_main.cpp:19[m[K:
[01m[K/usr/include/x86_64-linux-gnu/bits/wctype-wchar.h:155:37:[m[K [01;36m[Knote: [m[K  initializing argument 1 of â€˜[01m[Kwctype_t wctype(const char*)[m[Kâ€™
  155 | extern wctype_t wctype ([01;36m[Kconst char *__property[m[K) __THROW;
      |                         [01;36m[K~~~~~~~~~~~~^~~~~~~~~~[m[K
make[2]: *** [CMakeFiles/Sense.dir/build.make:76: CMakeFiles/Sense.dir/src/ert_main.cpp.o] Error 1
make[1]: *** [CMakeFiles/Makefile2:78: CMakeFiles/Sense.dir/all] Error 2
make: *** [Makefile:141: all] Error 2
