[01m[K/home/ngvedu/test1_ws/src/sense_origin_build/src/ert_main.cpp:[m[K In member function â€˜[01m[Kvoid SinPub::timer_callback()[m[Kâ€™:
[01m[K/home/ngvedu/test1_ws/src/sense_origin_build/src/ert_main.cpp:101:34:[m[K [01;31m[Kerror: [m[Kexpression cannot be used as a function
  101 |       message.data = Sense_Y.out([01;31m[K)[m[K;
      |                                  [01;31m[K^[m[K
make[2]: *** [CMakeFiles/Sense.dir/build.make:76: CMakeFiles/Sense.dir/src/ert_main.cpp.o] Error 1
make[1]: *** [CMakeFiles/Makefile2:78: CMakeFiles/Sense.dir/all] Error 2
make: *** [Makefile:141: all] Error 2
