[35m[1mScanning dependencies of target Sense[0m
[ 33%] [32mBuilding CXX object CMakeFiles/Sense.dir/src/ert_main.cpp.o[0m
[ 66%] [32m[1mLinking CXX executable Sense[0m
/usr/bin/ld: CMakeFiles/Sense.dir/src/ert_main.cpp.o: in function `rt_OneStep':
ert_main.cpp:(.text+0x2e): undefined reference to `Sense_step()'
/usr/bin/ld: CMakeFiles/Sense.dir/src/ert_main.cpp.o: in function `main':
ert_main.cpp:(.text+0x4f): undefined reference to `Sense_initialize()'
/usr/bin/ld: ert_main.cpp:(.text+0xa2): undefined reference to `Sense_terminate()'
collect2: error: ld returned 1 exit status
make[2]: *** [CMakeFiles/Sense.dir/build.make:146: Sense] Error 1
make[1]: *** [CMakeFiles/Makefile2:78: CMakeFiles/Sense.dir/all] Error 2
make: *** [Makefile:141: all] Error 2
