[0.036s] Invoking command in '/home/ngvedu/test1_ws/build/sense_origin_build': CMAKE_PREFIX_PATH=${CMAKE_PREFIX_PATH}:/opt/ros/foxy /usr/bin/cmake --build /home/ngvedu/test1_ws/build/sense_origin_build -- -j2 -l2
[0.137s] [35m[1mScanning dependencies of target Sense[0m
[0.164s] [ 33%] [32mBuilding CXX object CMakeFiles/Sense.dir/src/ert_main.cpp.o[0m
[0.244s] [01m[K/home/ngvedu/test1_ws/src/sense_origin_build/src/ert_main.cpp:36:24:[m[K [01;31m[Kerror: [m[Kexpected constructor, destructor, or type conversion before â€˜[01m[K;[m[Kâ€™ token
[0.244s]    36 | extern "C" Sense_step()[01;31m[K;[m[K
[0.244s]       |                        [01;31m[K^[m[K
[0.244s] [01m[K/home/ngvedu/test1_ws/src/sense_origin_build/src/ert_main.cpp:37:30:[m[K [01;31m[Kerror: [m[Kexpected constructor, destructor, or type conversion before â€˜[01m[K;[m[Kâ€™ token
[0.245s]    37 | extern "C" Sense_initialize()[01;31m[K;[m[K
[0.245s]       |                              [01;31m[K^[m[K
[0.245s] [01m[K/home/ngvedu/test1_ws/src/sense_origin_build/src/ert_main.cpp:38:29:[m[K [01;31m[Kerror: [m[Kexpected constructor, destructor, or type conversion before â€˜[01m[K;[m[Kâ€™ token
[0.245s]    38 | extern "C" Sense_terminate()[01;31m[K;[m[K
[0.245s]       |                             [01;31m[K^[m[K
[0.250s] make[2]: *** [CMakeFiles/Sense.dir/build.make:76: CMakeFiles/Sense.dir/src/ert_main.cpp.o] Error 1
[0.250s] make[1]: *** [CMakeFiles/Makefile2:78: CMakeFiles/Sense.dir/all] Error 2
[0.251s] make: *** [Makefile:141: all] Error 2
[0.258s] Invoked command in '/home/ngvedu/test1_ws/build/sense_origin_build' returned '2': CMAKE_PREFIX_PATH=${CMAKE_PREFIX_PATH}:/opt/ros/foxy /usr/bin/cmake --build /home/ngvedu/test1_ws/build/sense_origin_build -- -j2 -l2
