[35m[1mScanning dependencies of target Sense[0m
[ 33%] [32mBuilding C object CMakeFiles/Sense.dir/src/Sense.c.o[0m
[ 66%] [32mBuilding CXX object CMakeFiles/Sense.dir/src/ert_main.cpp.o[0m
[01m[K/home/ngvedu/test1_ws/src/sense_origin_build/src/ert_main.cpp:37:1:[m[K [01;31m[Kerror: [m[Kexpected constructor, destructor, or type conversion before â€˜[01m[Kextern[m[Kâ€™
   37 | [01;31m[Kextern[m[K "C" Sense_initialize()
      | [01;31m[K^~~~~~[m[K
make[2]: *** [CMakeFiles/Sense.dir/build.make:76: CMakeFiles/Sense.dir/src/ert_main.cpp.o] Error 1
make[1]: *** [CMakeFiles/Makefile2:78: CMakeFiles/Sense.dir/all] Error 2
make: *** [Makefile:141: all] Error 2
