[0.053s] Invoking command in '/home/ngvedu/test1_ws/build/sense_origin_build': CMAKE_PREFIX_PATH=${CMAKE_PREFIX_PATH}:/opt/ros/foxy /usr/bin/cmake --build /home/ngvedu/test1_ws/build/sense_origin_build -- -j2 -l2
[0.129s] [35m[1mScanning dependencies of target Sense[0m
[0.156s] [ 33%] [32mBuilding CXX object CMakeFiles/Sense.dir/src/ert_main.cpp.o[0m
[0.230s] [01m[K/home/ngvedu/test1_ws/src/sense_origin_build/src/ert_main.cpp:36:17:[m[K [01;31m[Kerror: [m[Kconflicting declaration of â€˜[01m[Kvoid Sense_step()[m[Kâ€™ with â€˜[01m[KC[m[Kâ€™ linkage
[0.230s]    36 | extern "C" void [01;31m[KSense_step[m[K();
[0.230s]       |                 [01;31m[K^~~~~~~~~~[m[K
[0.232s] In file included from [01m[K/home/ngvedu/test1_ws/src/sense_origin_build/src/ert_main.cpp:22[m[K:
[0.232s] [01m[K/home/ngvedu/test1_ws/src/sense_origin_build/include/sense_origin_build/Sense.h:73:13:[m[K [01;36m[Knote: [m[Kprevious declaration with â€˜[01m[KC++[m[Kâ€™ linkage
[0.232s]    73 | extern void [01;36m[KSense_step[m[K(void);
[0.232s]       |             [01;36m[K^~~~~~~~~~[m[K
[0.233s] [01m[K/home/ngvedu/test1_ws/src/sense_origin_build/src/ert_main.cpp:37:17:[m[K [01;31m[Kerror: [m[Kconflicting declaration of â€˜[01m[Kvoid Sense_initialize()[m[Kâ€™ with â€˜[01m[KC[m[Kâ€™ linkage
[0.233s]    37 | extern "C" void [01;31m[KSense_initialize[m[K();
[0.233s]       |                 [01;31m[K^~~~~~~~~~~~~~~~[m[K
[0.233s] In file included from [01m[K/home/ngvedu/test1_ws/src/sense_origin_build/src/ert_main.cpp:22[m[K:
[0.233s] [01m[K/home/ngvedu/test1_ws/src/sense_origin_build/include/sense_origin_build/Sense.h:72:13:[m[K [01;36m[Knote: [m[Kprevious declaration with â€˜[01m[KC++[m[Kâ€™ linkage
[0.233s]    72 | extern void [01;36m[KSense_initialize[m[K(void);
[0.233s]       |             [01;36m[K^~~~~~~~~~~~~~~~[m[K
[0.233s] [01m[K/home/ngvedu/test1_ws/src/sense_origin_build/src/ert_main.cpp:38:17:[m[K [01;31m[Kerror: [m[Kconflicting declaration of â€˜[01m[Kvoid Sense_terminate()[m[Kâ€™ with â€˜[01m[KC[m[Kâ€™ linkage
[0.234s]    38 | extern "C" void [01;31m[KSense_terminate[m[K();
[0.234s]       |                 [01;31m[K^~~~~~~~~~~~~~~[m[K
[0.234s] In file included from [01m[K/home/ngvedu/test1_ws/src/sense_origin_build/src/ert_main.cpp:22[m[K:
[0.234s] [01m[K/home/ngvedu/test1_ws/src/sense_origin_build/include/sense_origin_build/Sense.h:74:13:[m[K [01;36m[Knote: [m[Kprevious declaration with â€˜[01m[KC++[m[Kâ€™ linkage
[0.234s]    74 | extern void [01;36m[KSense_terminate[m[K(void);
[0.234s]       |             [01;36m[K^~~~~~~~~~~~~~~[m[K
[0.243s] make[2]: *** [CMakeFiles/Sense.dir/build.make:76: CMakeFiles/Sense.dir/src/ert_main.cpp.o] Error 1
[0.243s] make[1]: *** [CMakeFiles/Makefile2:78: CMakeFiles/Sense.dir/all] Error 2
[0.243s] make: *** [Makefile:141: all] Error 2
[0.244s] Invoked command in '/home/ngvedu/test1_ws/build/sense_origin_build' returned '2': CMAKE_PREFIX_PATH=${CMAKE_PREFIX_PATH}:/opt/ros/foxy /usr/bin/cmake --build /home/ngvedu/test1_ws/build/sense_origin_build -- -j2 -l2
